{"G:\\ProjetoII\\ProjetoWebII\\back-end\\server.js": {"path":"G:\\ProjetoII\\ProjetoWebII\\back-end\\server.js","statementMap":{"0":{"start":{"line":1,"column":16},"end":{"line":1,"column":34}},"1":{"start":{"line":2,"column":12},"end":{"line":2,"column":21}},"2":{"start":{"line":3,"column":13},"end":{"line":3,"column":28}},"3":{"start":{"line":4,"column":19},"end":{"line":4,"column":41}},"4":{"start":{"line":5,"column":0},"end":{"line":5,"column":27}},"5":{"start":{"line":8,"column":11},"end":{"line":8,"column":42}},"6":{"start":{"line":9,"column":11},"end":{"line":9,"column":35}},"7":{"start":{"line":11,"column":0},"end":{"line":11,"column":16}},"8":{"start":{"line":12,"column":0},"end":{"line":12,"column":27}},"9":{"start":{"line":13,"column":0},"end":{"line":13,"column":24}},"10":{"start":{"line":16,"column":0},"end":{"line":23,"column":2}},"11":{"start":{"line":17,"column":18},"end":{"line":17,"column":28}},"12":{"start":{"line":18,"column":4},"end":{"line":21,"column":7}},"13":{"start":{"line":19,"column":28},"end":{"line":19,"column":55}},"14":{"start":{"line":20,"column":8},"end":{"line":20,"column":101}},"15":{"start":{"line":22,"column":4},"end":{"line":22,"column":10}},"16":{"start":{"line":26,"column":0},"end":{"line":26,"column":51}},"17":{"start":{"line":29,"column":0},"end":{"line":29,"column":59}},"18":{"start":{"line":32,"column":0},"end":{"line":32,"column":54}},"19":{"start":{"line":35,"column":0},"end":{"line":35,"column":56}},"20":{"start":{"line":38,"column":0},"end":{"line":38,"column":50}},"21":{"start":{"line":41,"column":0},"end":{"line":43,"column":3}},"22":{"start":{"line":42,"column":4},"end":{"line":42,"column":112}},"23":{"start":{"line":46,"column":0},"end":{"line":88,"column":3}},"24":{"start":{"line":48,"column":4},"end":{"line":48,"column":23}},"25":{"start":{"line":51,"column":4},"end":{"line":52,"column":113}},"26":{"start":{"line":52,"column":8},"end":{"line":52,"column":113}},"27":{"start":{"line":55,"column":4},"end":{"line":63,"column":5}},"28":{"start":{"line":56,"column":8},"end":{"line":62,"column":11}},"29":{"start":{"line":58,"column":42},"end":{"line":61,"column":13}},"30":{"start":{"line":66,"column":4},"end":{"line":85,"column":5}},"31":{"start":{"line":67,"column":8},"end":{"line":72,"column":9}},"32":{"start":{"line":68,"column":12},"end":{"line":71,"column":15}},"33":{"start":{"line":73,"column":8},"end":{"line":78,"column":9}},"34":{"start":{"line":74,"column":12},"end":{"line":77,"column":15}},"35":{"start":{"line":79,"column":8},"end":{"line":84,"column":9}},"36":{"start":{"line":80,"column":12},"end":{"line":83,"column":15}},"37":{"start":{"line":87,"column":4},"end":{"line":87,"column":94}},"38":{"start":{"line":90,"column":0},"end":{"line":92,"column":2}},"39":{"start":{"line":91,"column":4},"end":{"line":91,"column":67}}},"fnMap":{"0":{"name":"(anonymous_0)","decl":{"start":{"line":16,"column":8},"end":{"line":16,"column":9}},"loc":{"start":{"line":16,"column":28},"end":{"line":23,"column":1}},"line":16},"1":{"name":"(anonymous_1)","decl":{"start":{"line":18,"column":21},"end":{"line":18,"column":22}},"loc":{"start":{"line":18,"column":27},"end":{"line":21,"column":5}},"line":18},"2":{"name":"(anonymous_2)","decl":{"start":{"line":41,"column":8},"end":{"line":41,"column":9}},"loc":{"start":{"line":41,"column":28},"end":{"line":43,"column":1}},"line":41},"3":{"name":"(anonymous_3)","decl":{"start":{"line":46,"column":8},"end":{"line":46,"column":9}},"loc":{"start":{"line":46,"column":33},"end":{"line":88,"column":1}},"line":46},"4":{"name":"(anonymous_4)","decl":{"start":{"line":58,"column":36},"end":{"line":58,"column":37}},"loc":{"start":{"line":58,"column":42},"end":{"line":61,"column":13}},"line":58},"5":{"name":"(anonymous_5)","decl":{"start":{"line":90,"column":23},"end":{"line":90,"column":24}},"loc":{"start":{"line":90,"column":32},"end":{"line":92,"column":1}},"line":90}},"branchMap":{"0":{"loc":{"start":{"line":8,"column":11},"end":{"line":8,"column":42}},"type":"binary-expr","locations":[{"start":{"line":8,"column":11},"end":{"line":8,"column":27}},{"start":{"line":8,"column":31},"end":{"line":8,"column":42}}],"line":8},"1":{"loc":{"start":{"line":9,"column":11},"end":{"line":9,"column":35}},"type":"binary-expr","locations":[{"start":{"line":9,"column":11},"end":{"line":9,"column":27}},{"start":{"line":9,"column":31},"end":{"line":9,"column":35}}],"line":9},"2":{"loc":{"start":{"line":51,"column":4},"end":{"line":52,"column":113}},"type":"if","locations":[{"start":{"line":51,"column":4},"end":{"line":52,"column":113}},{"start":{},"end":{}}],"line":51},"3":{"loc":{"start":{"line":55,"column":4},"end":{"line":63,"column":5}},"type":"if","locations":[{"start":{"line":55,"column":4},"end":{"line":63,"column":5}},{"start":{},"end":{}}],"line":55},"4":{"loc":{"start":{"line":55,"column":8},"end":{"line":55,"column":96}},"type":"binary-expr","locations":[{"start":{"line":55,"column":8},"end":{"line":55,"column":47}},{"start":{"line":55,"column":51},"end":{"line":55,"column":96}}],"line":55},"5":{"loc":{"start":{"line":66,"column":4},"end":{"line":85,"column":5}},"type":"if","locations":[{"start":{"line":66,"column":4},"end":{"line":85,"column":5}},{"start":{},"end":{}}],"line":66},"6":{"loc":{"start":{"line":67,"column":8},"end":{"line":72,"column":9}},"type":"if","locations":[{"start":{"line":67,"column":8},"end":{"line":72,"column":9}},{"start":{},"end":{}}],"line":67},"7":{"loc":{"start":{"line":73,"column":8},"end":{"line":78,"column":9}},"type":"if","locations":[{"start":{"line":73,"column":8},"end":{"line":78,"column":9}},{"start":{},"end":{}}],"line":73},"8":{"loc":{"start":{"line":79,"column":8},"end":{"line":84,"column":9}},"type":"if","locations":[{"start":{"line":79,"column":8},"end":{"line":84,"column":9}},{"start":{},"end":{}}],"line":79},"9":{"loc":{"start":{"line":87,"column":15},"end":{"line":87,"column":36}},"type":"binary-expr","locations":[{"start":{"line":87,"column":15},"end":{"line":87,"column":29}},{"start":{"line":87,"column":33},"end":{"line":87,"column":36}}],"line":87},"10":{"loc":{"start":{"line":87,"column":52},"end":{"line":87,"column":90}},"type":"binary-expr","locations":[{"start":{"line":87,"column":52},"end":{"line":87,"column":63}},{"start":{"line":87,"column":67},"end":{"line":87,"column":90}}],"line":87}},"s":{"0":4,"1":4,"2":4,"3":4,"4":4,"5":4,"6":4,"7":4,"8":4,"9":4,"10":4,"11":0,"12":0,"13":0,"14":0,"15":0,"16":4,"17":4,"18":4,"19":4,"20":4,"21":4,"22":0,"23":4,"24":0,"25":0,"26":0,"27":0,"28":0,"29":0,"30":0,"31":0,"32":0,"33":0,"34":0,"35":0,"36":0,"37":0,"38":4,"39":0},"f":{"0":0,"1":0,"2":0,"3":0,"4":0,"5":0},"b":{"0":[4,0],"1":[4,0],"2":[0,0],"3":[0,0],"4":[0,0],"5":[0,0],"6":[0,0],"7":[0,0],"8":[0,0],"9":[0,0],"10":[0,0]},"_coverageSchema":"1a1c01bbd47fc00a2c39e90264f33305004495a9","hash":"08fe30e4afbbf30671d96232a858589a31ca08bc"}
,"G:\\ProjetoII\\ProjetoWebII\\back-end\\IntegrationTests\\setup.js": {"path":"G:\\ProjetoII\\ProjetoWebII\\back-end\\IntegrationTests\\setup.js","statementMap":{"0":{"start":{"line":2,"column":16},"end":{"line":2,"column":36}},"1":{"start":{"line":3,"column":12},"end":{"line":3,"column":35}},"2":{"start":{"line":4,"column":11},"end":{"line":4,"column":39}},"3":{"start":{"line":7,"column":0},"end":{"line":39,"column":3}},"4":{"start":{"line":8,"column":25},"end":{"line":8,"column":64}},"5":{"start":{"line":9,"column":2},"end":{"line":38,"column":4}},"6":{"start":{"line":42,"column":0},"end":{"line":44,"column":3}},"7":{"start":{"line":43,"column":2},"end":{"line":43,"column":23}},"8":{"start":{"line":47,"column":0},"end":{"line":49,"column":3}},"9":{"start":{"line":48,"column":2},"end":{"line":48,"column":29}},"10":{"start":{"line":51,"column":0},"end":{"line":55,"column":2}}},"fnMap":{"0":{"name":"(anonymous_0)","decl":{"start":{"line":7,"column":31},"end":{"line":7,"column":32}},"loc":{"start":{"line":7,"column":37},"end":{"line":39,"column":1}},"line":7},"1":{"name":"(anonymous_1)","decl":{"start":{"line":42,"column":10},"end":{"line":42,"column":11}},"loc":{"start":{"line":42,"column":16},"end":{"line":44,"column":1}},"line":42},"2":{"name":"(anonymous_2)","decl":{"start":{"line":47,"column":9},"end":{"line":47,"column":10}},"loc":{"start":{"line":47,"column":21},"end":{"line":49,"column":1}},"line":47}},"branchMap":{},"s":{"0":4,"1":4,"2":4,"3":4,"4":4,"5":4,"6":4,"7":9,"8":4,"9":4,"10":4},"f":{"0":4,"1":9,"2":4},"b":{},"_coverageSchema":"1a1c01bbd47fc00a2c39e90264f33305004495a9","hash":"85a65cf7f5d10566908c890c781f0bceaab2c341"}
,"G:\\ProjetoII\\ProjetoWebII\\back-end\\controllers\\areaTematicsControllers.js": {"path":"G:\\ProjetoII\\ProjetoWebII\\back-end\\controllers\\areaTematicsControllers.js","statementMap":{"0":{"start":{"line":1,"column":11},"end":{"line":1,"column":39}},"1":{"start":{"line":2,"column":13},"end":{"line":2,"column":20}},"2":{"start":{"line":3,"column":18},"end":{"line":3,"column":30}},"3":{"start":{"line":5,"column":23},"end":{"line":5,"column":48}},"4":{"start":{"line":7,"column":18},"end":{"line":19,"column":1}},"5":{"start":{"line":8,"column":4},"end":{"line":18,"column":5}},"6":{"start":{"line":9,"column":22},"end":{"line":11,"column":10}},"7":{"start":{"line":12,"column":8},"end":{"line":14,"column":9}},"8":{"start":{"line":13,"column":12},"end":{"line":13,"column":63}},"9":{"start":{"line":15,"column":8},"end":{"line":15,"column":42}},"10":{"start":{"line":17,"column":8},"end":{"line":17,"column":18}},"11":{"start":{"line":20,"column":22},"end":{"line":31,"column":1}},"12":{"start":{"line":21,"column":20},"end":{"line":21,"column":38}},"13":{"start":{"line":22,"column":4},"end":{"line":30,"column":5}},"14":{"start":{"line":23,"column":29},"end":{"line":23,"column":57}},"15":{"start":{"line":24,"column":8},"end":{"line":26,"column":9}},"16":{"start":{"line":25,"column":12},"end":{"line":25,"column":58}},"17":{"start":{"line":27,"column":8},"end":{"line":27,"column":42}},"18":{"start":{"line":29,"column":8},"end":{"line":29,"column":17}},"19":{"start":{"line":33,"column":25},"end":{"line":52,"column":1}},"20":{"start":{"line":34,"column":20},"end":{"line":34,"column":33}},"21":{"start":{"line":35,"column":4},"end":{"line":51,"column":5}},"22":{"start":{"line":36,"column":26},"end":{"line":41,"column":10}},"23":{"start":{"line":42,"column":8},"end":{"line":44,"column":9}},"24":{"start":{"line":43,"column":12},"end":{"line":43,"column":63}},"25":{"start":{"line":45,"column":27},"end":{"line":45,"column":75}},"26":{"start":{"line":45,"column":49},"end":{"line":45,"column":74}},"27":{"start":{"line":46,"column":8},"end":{"line":48,"column":10}},"28":{"start":{"line":50,"column":8},"end":{"line":50,"column":18}},"29":{"start":{"line":54,"column":17},"end":{"line":66,"column":1}},"30":{"start":{"line":55,"column":20},"end":{"line":55,"column":38}},"31":{"start":{"line":56,"column":4},"end":{"line":65,"column":5}},"32":{"start":{"line":57,"column":8},"end":{"line":59,"column":10}},"33":{"start":{"line":60,"column":8},"end":{"line":62,"column":10}},"34":{"start":{"line":64,"column":8},"end":{"line":64,"column":18}},"35":{"start":{"line":68,"column":14},"end":{"line":86,"column":1}},"36":{"start":{"line":69,"column":30},"end":{"line":69,"column":38}},"37":{"start":{"line":70,"column":20},"end":{"line":70,"column":37}},"38":{"start":{"line":71,"column":4},"end":{"line":85,"column":5}},"39":{"start":{"line":72,"column":8},"end":{"line":78,"column":9}},"40":{"start":{"line":73,"column":12},"end":{"line":73,"column":76}},"41":{"start":{"line":75,"column":13},"end":{"line":78,"column":9}},"42":{"start":{"line":76,"column":12},"end":{"line":76,"column":83}},"43":{"start":{"line":79,"column":8},"end":{"line":79,"column":34}},"44":{"start":{"line":80,"column":8},"end":{"line":82,"column":10}},"45":{"start":{"line":84,"column":8},"end":{"line":84,"column":17}},"46":{"start":{"line":88,"column":0},"end":{"line":94,"column":1}}},"fnMap":{"0":{"name":"(anonymous_0)","decl":{"start":{"line":7,"column":18},"end":{"line":7,"column":19}},"loc":{"start":{"line":7,"column":44},"end":{"line":19,"column":1}},"line":7},"1":{"name":"(anonymous_1)","decl":{"start":{"line":20,"column":22},"end":{"line":20,"column":23}},"loc":{"start":{"line":20,"column":48},"end":{"line":31,"column":1}},"line":20},"2":{"name":"(anonymous_2)","decl":{"start":{"line":33,"column":25},"end":{"line":33,"column":26}},"loc":{"start":{"line":33,"column":51},"end":{"line":52,"column":1}},"line":33},"3":{"name":"(anonymous_3)","decl":{"start":{"line":45,"column":41},"end":{"line":45,"column":42}},"loc":{"start":{"line":45,"column":49},"end":{"line":45,"column":74}},"line":45},"4":{"name":"(anonymous_4)","decl":{"start":{"line":54,"column":17},"end":{"line":54,"column":18}},"loc":{"start":{"line":54,"column":43},"end":{"line":66,"column":1}},"line":54},"5":{"name":"(anonymous_5)","decl":{"start":{"line":68,"column":14},"end":{"line":68,"column":15}},"loc":{"start":{"line":68,"column":40},"end":{"line":86,"column":1}},"line":68}},"branchMap":{"0":{"loc":{"start":{"line":12,"column":8},"end":{"line":14,"column":9}},"type":"if","locations":[{"start":{"line":12,"column":8},"end":{"line":14,"column":9}},{"start":{},"end":{}}],"line":12},"1":{"loc":{"start":{"line":24,"column":8},"end":{"line":26,"column":9}},"type":"if","locations":[{"start":{"line":24,"column":8},"end":{"line":26,"column":9}},{"start":{},"end":{}}],"line":24},"2":{"loc":{"start":{"line":42,"column":8},"end":{"line":44,"column":9}},"type":"if","locations":[{"start":{"line":42,"column":8},"end":{"line":44,"column":9}},{"start":{},"end":{}}],"line":42},"3":{"loc":{"start":{"line":72,"column":8},"end":{"line":78,"column":9}},"type":"if","locations":[{"start":{"line":72,"column":8},"end":{"line":78,"column":9}},{"start":{"line":75,"column":13},"end":{"line":78,"column":9}}],"line":72},"4":{"loc":{"start":{"line":75,"column":13},"end":{"line":78,"column":9}},"type":"if","locations":[{"start":{"line":75,"column":13},"end":{"line":78,"column":9}},{"start":{},"end":{}}],"line":75}},"s":{"0":5,"1":5,"2":5,"3":5,"4":5,"5":3,"6":3,"7":2,"8":1,"9":1,"10":2,"11":5,"12":3,"13":3,"14":3,"15":2,"16":1,"17":1,"18":2,"19":5,"20":3,"21":3,"22":3,"23":2,"24":1,"25":1,"26":2,"27":1,"28":2,"29":5,"30":2,"31":2,"32":2,"33":1,"34":1,"35":5,"36":4,"37":4,"38":4,"39":4,"40":1,"41":3,"42":1,"43":2,"44":1,"45":3,"46":5},"f":{"0":3,"1":3,"2":3,"3":2,"4":2,"5":4},"b":{"0":[1,1],"1":[1,1],"2":[1,1],"3":[1,3],"4":[1,2]},"_coverageSchema":"1a1c01bbd47fc00a2c39e90264f33305004495a9","hash":"ae9efcdae12b710fae4b422ea022eed1c3556038"}
,"G:\\ProjetoII\\ProjetoWebII\\back-end\\controllers\\atividadeControllers.js": {"path":"G:\\ProjetoII\\ProjetoWebII\\back-end\\controllers\\atividadeControllers.js","statementMap":{"0":{"start":{"line":1,"column":11},"end":{"line":1,"column":42}},"1":{"start":{"line":2,"column":18},"end":{"line":2,"column":30}},"2":{"start":{"line":3,"column":15},"end":{"line":3,"column":24}},"3":{"start":{"line":6,"column":25},"end":{"line":6,"column":53}},"4":{"start":{"line":8,"column":23},"end":{"line":20,"column":1}},"5":{"start":{"line":9,"column":4},"end":{"line":19,"column":5}},"6":{"start":{"line":10,"column":27},"end":{"line":12,"column":10}},"7":{"start":{"line":13,"column":8},"end":{"line":15,"column":9}},"8":{"start":{"line":14,"column":12},"end":{"line":14,"column":65}},"9":{"start":{"line":16,"column":8},"end":{"line":16,"column":48}},"10":{"start":{"line":18,"column":8},"end":{"line":18,"column":18}},"11":{"start":{"line":22,"column":19},"end":{"line":33,"column":1}},"12":{"start":{"line":23,"column":68},"end":{"line":23,"column":76}},"13":{"start":{"line":24,"column":19},"end":{"line":24,"column":74}},"14":{"start":{"line":25,"column":4},"end":{"line":32,"column":5}},"15":{"start":{"line":26,"column":8},"end":{"line":26,"column":39}},"16":{"start":{"line":27,"column":8},"end":{"line":29,"column":11}},"17":{"start":{"line":31,"column":8},"end":{"line":31,"column":17}},"18":{"start":{"line":34,"column":22},"end":{"line":48,"column":1}},"19":{"start":{"line":35,"column":25},"end":{"line":35,"column":38}},"20":{"start":{"line":36,"column":4},"end":{"line":47,"column":5}},"21":{"start":{"line":37,"column":8},"end":{"line":41,"column":10}},"22":{"start":{"line":42,"column":8},"end":{"line":44,"column":10}},"23":{"start":{"line":46,"column":8},"end":{"line":46,"column":17}},"24":{"start":{"line":50,"column":20},"end":{"line":73,"column":1}},"25":{"start":{"line":51,"column":25},"end":{"line":51,"column":48}},"26":{"start":{"line":52,"column":21},"end":{"line":52,"column":29}},"27":{"start":{"line":53,"column":20},"end":{"line":53,"column":28}},"28":{"start":{"line":54,"column":4},"end":{"line":72,"column":5}},"29":{"start":{"line":55,"column":27},"end":{"line":59,"column":10}},"30":{"start":{"line":60,"column":8},"end":{"line":62,"column":9}},"31":{"start":{"line":61,"column":12},"end":{"line":61,"column":83}},"32":{"start":{"line":63,"column":8},"end":{"line":63,"column":42}},"33":{"start":{"line":64,"column":8},"end":{"line":64,"column":31}},"34":{"start":{"line":66,"column":8},"end":{"line":69,"column":11}},"35":{"start":{"line":71,"column":8},"end":{"line":71,"column":17}},"36":{"start":{"line":75,"column":27},"end":{"line":93,"column":1}},"37":{"start":{"line":76,"column":25},"end":{"line":76,"column":38}},"38":{"start":{"line":77,"column":4},"end":{"line":92,"column":5}},"39":{"start":{"line":78,"column":25},"end":{"line":83,"column":10}},"40":{"start":{"line":84,"column":8},"end":{"line":86,"column":9}},"41":{"start":{"line":85,"column":12},"end":{"line":85,"column":88}},"42":{"start":{"line":87,"column":8},"end":{"line":89,"column":11}},"43":{"start":{"line":91,"column":8},"end":{"line":91,"column":17}},"44":{"start":{"line":95,"column":25},"end":{"line":112,"column":1}},"45":{"start":{"line":96,"column":25},"end":{"line":96,"column":48}},"46":{"start":{"line":97,"column":4},"end":{"line":111,"column":5}},"47":{"start":{"line":98,"column":28},"end":{"line":103,"column":10}},"48":{"start":{"line":104,"column":8},"end":{"line":106,"column":9}},"49":{"start":{"line":105,"column":12},"end":{"line":105,"column":80}},"50":{"start":{"line":108,"column":8},"end":{"line":108,"column":41}},"51":{"start":{"line":110,"column":8},"end":{"line":110,"column":17}},"52":{"start":{"line":114,"column":0},"end":{"line":121,"column":1}}},"fnMap":{"0":{"name":"(anonymous_0)","decl":{"start":{"line":8,"column":23},"end":{"line":8,"column":24}},"loc":{"start":{"line":8,"column":49},"end":{"line":20,"column":1}},"line":8},"1":{"name":"(anonymous_1)","decl":{"start":{"line":22,"column":19},"end":{"line":22,"column":20}},"loc":{"start":{"line":22,"column":45},"end":{"line":33,"column":1}},"line":22},"2":{"name":"(anonymous_2)","decl":{"start":{"line":34,"column":22},"end":{"line":34,"column":23}},"loc":{"start":{"line":34,"column":48},"end":{"line":48,"column":1}},"line":34},"3":{"name":"(anonymous_3)","decl":{"start":{"line":50,"column":20},"end":{"line":50,"column":21}},"loc":{"start":{"line":50,"column":46},"end":{"line":73,"column":1}},"line":50},"4":{"name":"(anonymous_4)","decl":{"start":{"line":75,"column":27},"end":{"line":75,"column":28}},"loc":{"start":{"line":75,"column":53},"end":{"line":93,"column":1}},"line":75},"5":{"name":"(anonymous_5)","decl":{"start":{"line":95,"column":25},"end":{"line":95,"column":26}},"loc":{"start":{"line":95,"column":51},"end":{"line":112,"column":1}},"line":95}},"branchMap":{"0":{"loc":{"start":{"line":13,"column":8},"end":{"line":15,"column":9}},"type":"if","locations":[{"start":{"line":13,"column":8},"end":{"line":15,"column":9}},{"start":{},"end":{}}],"line":13},"1":{"loc":{"start":{"line":13,"column":11},"end":{"line":13,"column":49}},"type":"binary-expr","locations":[{"start":{"line":13,"column":11},"end":{"line":13,"column":22}},{"start":{"line":13,"column":26},"end":{"line":13,"column":49}}],"line":13},"2":{"loc":{"start":{"line":60,"column":8},"end":{"line":62,"column":9}},"type":"if","locations":[{"start":{"line":60,"column":8},"end":{"line":62,"column":9}},{"start":{},"end":{}}],"line":60},"3":{"loc":{"start":{"line":84,"column":8},"end":{"line":86,"column":9}},"type":"if","locations":[{"start":{"line":84,"column":8},"end":{"line":86,"column":9}},{"start":{},"end":{}}],"line":84},"4":{"loc":{"start":{"line":104,"column":8},"end":{"line":106,"column":9}},"type":"if","locations":[{"start":{"line":104,"column":8},"end":{"line":106,"column":9}},{"start":{},"end":{}}],"line":104}},"s":{"0":5,"1":5,"2":5,"3":5,"4":5,"5":3,"6":3,"7":2,"8":1,"9":1,"10":2,"11":5,"12":2,"13":2,"14":2,"15":2,"16":1,"17":1,"18":5,"19":2,"20":2,"21":2,"22":1,"23":1,"24":5,"25":3,"26":3,"27":3,"28":3,"29":3,"30":2,"31":1,"32":1,"33":1,"34":1,"35":2,"36":5,"37":3,"38":3,"39":3,"40":2,"41":1,"42":1,"43":2,"44":5,"45":3,"46":3,"47":3,"48":2,"49":1,"50":1,"51":2,"52":5},"f":{"0":3,"1":2,"2":2,"3":3,"4":3,"5":3},"b":{"0":[1,1],"1":[2,2],"2":[1,1],"3":[1,1],"4":[1,1]},"_coverageSchema":"1a1c01bbd47fc00a2c39e90264f33305004495a9","hash":"75c7b1997990a79bfef27a20fa97d905d2a70daf"}
,"G:\\ProjetoII\\ProjetoWebII\\back-end\\controllers\\inscricaoVoluntariado.controllers.js": {"path":"G:\\ProjetoII\\ProjetoWebII\\back-end\\controllers\\inscricaoVoluntariado.controllers.js","statementMap":{"0":{"start":{"line":1,"column":11},"end":{"line":1,"column":42}},"1":{"start":{"line":2,"column":24},"end":{"line":2,"column":42}},"2":{"start":{"line":3,"column":19},"end":{"line":3,"column":32}},"3":{"start":{"line":4,"column":15},"end":{"line":4,"column":24}},"4":{"start":{"line":6,"column":25},"end":{"line":6,"column":53}},"5":{"start":{"line":8,"column":25},"end":{"line":22,"column":1}},"6":{"start":{"line":9,"column":20},"end":{"line":9,"column":38}},"7":{"start":{"line":10,"column":22},"end":{"line":10,"column":42}},"8":{"start":{"line":11,"column":4},"end":{"line":21,"column":5}},"9":{"start":{"line":12,"column":27},"end":{"line":17,"column":10}},"10":{"start":{"line":18,"column":8},"end":{"line":18,"column":48}},"11":{"start":{"line":20,"column":8},"end":{"line":20,"column":17}},"12":{"start":{"line":25,"column":16},"end":{"line":58,"column":1}},"13":{"start":{"line":26,"column":20},"end":{"line":26,"column":38}},"14":{"start":{"line":27,"column":22},"end":{"line":27,"column":42}},"15":{"start":{"line":28,"column":19},"end":{"line":28,"column":39}},"16":{"start":{"line":29,"column":4},"end":{"line":57,"column":5}},"17":{"start":{"line":30,"column":25},"end":{"line":35,"column":10}},"18":{"start":{"line":36,"column":8},"end":{"line":38,"column":9}},"19":{"start":{"line":37,"column":12},"end":{"line":37,"column":65}},"20":{"start":{"line":39,"column":28},"end":{"line":43,"column":10}},"21":{"start":{"line":45,"column":8},"end":{"line":54,"column":9}},"22":{"start":{"line":46,"column":12},"end":{"line":46,"column":35}},"23":{"start":{"line":47,"column":12},"end":{"line":47,"column":36}},"24":{"start":{"line":48,"column":12},"end":{"line":48,"column":48}},"25":{"start":{"line":49,"column":12},"end":{"line":51,"column":14}},"26":{"start":{"line":53,"column":12},"end":{"line":53,"column":90}},"27":{"start":{"line":56,"column":8},"end":{"line":56,"column":17}},"28":{"start":{"line":60,"column":23},"end":{"line":94,"column":1}},"29":{"start":{"line":61,"column":20},"end":{"line":61,"column":38}},"30":{"start":{"line":62,"column":22},"end":{"line":62,"column":42}},"31":{"start":{"line":63,"column":4},"end":{"line":93,"column":5}},"32":{"start":{"line":64,"column":32},"end":{"line":69,"column":10}},"33":{"start":{"line":71,"column":8},"end":{"line":73,"column":9}},"34":{"start":{"line":72,"column":12},"end":{"line":72,"column":68}},"35":{"start":{"line":74,"column":8},"end":{"line":79,"column":10}},"36":{"start":{"line":80,"column":28},"end":{"line":84,"column":10}},"37":{"start":{"line":86,"column":8},"end":{"line":86,"column":31}},"38":{"start":{"line":87,"column":8},"end":{"line":87,"column":32}},"39":{"start":{"line":88,"column":8},"end":{"line":90,"column":10}},"40":{"start":{"line":92,"column":8},"end":{"line":92,"column":17}},"41":{"start":{"line":98,"column":21},"end":{"line":124,"column":1}},"42":{"start":{"line":99,"column":22},"end":{"line":99,"column":40}},"43":{"start":{"line":100,"column":24},"end":{"line":100,"column":44}},"44":{"start":{"line":101,"column":4},"end":{"line":123,"column":5}},"45":{"start":{"line":102,"column":26},"end":{"line":107,"column":10}},"46":{"start":{"line":109,"column":8},"end":{"line":111,"column":9}},"47":{"start":{"line":110,"column":12},"end":{"line":110,"column":68}},"48":{"start":{"line":113,"column":8},"end":{"line":113,"column":49}},"49":{"start":{"line":114,"column":8},"end":{"line":114,"column":31}},"50":{"start":{"line":116,"column":8},"end":{"line":119,"column":11}},"51":{"start":{"line":122,"column":8},"end":{"line":122,"column":17}},"52":{"start":{"line":126,"column":27},"end":{"line":162,"column":1}},"53":{"start":{"line":127,"column":22},"end":{"line":127,"column":42}},"54":{"start":{"line":130,"column":8},"end":{"line":130,"column":31}},"55":{"start":{"line":131,"column":8},"end":{"line":131,"column":25}},"56":{"start":{"line":132,"column":8},"end":{"line":132,"column":33}},"57":{"start":{"line":135,"column":4},"end":{"line":161,"column":5}},"58":{"start":{"line":136,"column":22},"end":{"line":141,"column":10}},"59":{"start":{"line":142,"column":8},"end":{"line":144,"column":9}},"60":{"start":{"line":143,"column":12},"end":{"line":143,"column":78}},"61":{"start":{"line":146,"column":27},"end":{"line":146,"column":29}},"62":{"start":{"line":148,"column":8},"end":{"line":157,"column":5}},"63":{"start":{"line":149,"column":29},"end":{"line":154,"column":10}},"64":{"start":{"line":155,"column":21},"end":{"line":155,"column":89}},"65":{"start":{"line":156,"column":8},"end":{"line":156,"column":33}},"66":{"start":{"line":158,"column":8},"end":{"line":158,"column":42}},"67":{"start":{"line":160,"column":8},"end":{"line":160,"column":17}},"68":{"start":{"line":164,"column":0},"end":{"line":170,"column":1}}},"fnMap":{"0":{"name":"(anonymous_0)","decl":{"start":{"line":8,"column":25},"end":{"line":8,"column":26}},"loc":{"start":{"line":8,"column":51},"end":{"line":22,"column":1}},"line":8},"1":{"name":"(anonymous_1)","decl":{"start":{"line":25,"column":16},"end":{"line":25,"column":17}},"loc":{"start":{"line":25,"column":42},"end":{"line":58,"column":1}},"line":25},"2":{"name":"(anonymous_2)","decl":{"start":{"line":60,"column":23},"end":{"line":60,"column":24}},"loc":{"start":{"line":60,"column":49},"end":{"line":94,"column":1}},"line":60},"3":{"name":"(anonymous_3)","decl":{"start":{"line":98,"column":21},"end":{"line":98,"column":22}},"loc":{"start":{"line":98,"column":47},"end":{"line":124,"column":1}},"line":98},"4":{"name":"(anonymous_4)","decl":{"start":{"line":126,"column":27},"end":{"line":126,"column":28}},"loc":{"start":{"line":126,"column":53},"end":{"line":162,"column":1}},"line":126},"5":{"name":"(anonymous_5)","decl":{"start":{"line":129,"column":8},"end":{"line":129,"column":9}},"loc":{"start":{"line":129,"column":45},"end":{"line":133,"column":5}},"line":129}},"branchMap":{"0":{"loc":{"start":{"line":36,"column":8},"end":{"line":38,"column":9}},"type":"if","locations":[{"start":{"line":36,"column":8},"end":{"line":38,"column":9}},{"start":{},"end":{}}],"line":36},"1":{"loc":{"start":{"line":45,"column":8},"end":{"line":54,"column":9}},"type":"if","locations":[{"start":{"line":45,"column":8},"end":{"line":54,"column":9}},{"start":{"line":52,"column":15},"end":{"line":54,"column":9}}],"line":45},"2":{"loc":{"start":{"line":71,"column":8},"end":{"line":73,"column":9}},"type":"if","locations":[{"start":{"line":71,"column":8},"end":{"line":73,"column":9}},{"start":{},"end":{}}],"line":71},"3":{"loc":{"start":{"line":71,"column":11},"end":{"line":71,"column":58}},"type":"binary-expr","locations":[{"start":{"line":71,"column":11},"end":{"line":71,"column":27}},{"start":{"line":71,"column":31},"end":{"line":71,"column":58}}],"line":71},"4":{"loc":{"start":{"line":109,"column":8},"end":{"line":111,"column":9}},"type":"if","locations":[{"start":{"line":109,"column":8},"end":{"line":111,"column":9}},{"start":{},"end":{}}],"line":109},"5":{"loc":{"start":{"line":142,"column":8},"end":{"line":144,"column":9}},"type":"if","locations":[{"start":{"line":142,"column":8},"end":{"line":144,"column":9}},{"start":{},"end":{}}],"line":142},"6":{"loc":{"start":{"line":142,"column":11},"end":{"line":142,"column":39}},"type":"binary-expr","locations":[{"start":{"line":142,"column":11},"end":{"line":142,"column":17}},{"start":{"line":142,"column":21},"end":{"line":142,"column":39}}],"line":142}},"s":{"0":5,"1":5,"2":5,"3":5,"4":5,"5":5,"6":3,"7":3,"8":3,"9":3,"10":2,"11":1,"12":5,"13":4,"14":4,"15":4,"16":4,"17":4,"18":3,"19":1,"20":2,"21":2,"22":1,"23":1,"24":1,"25":1,"26":1,"27":3,"28":5,"29":3,"30":3,"31":3,"32":3,"33":2,"34":1,"35":1,"36":1,"37":1,"38":1,"39":1,"40":2,"41":5,"42":4,"43":4,"44":4,"45":4,"46":3,"47":1,"48":2,"49":2,"50":2,"51":2,"52":5,"53":3,"54":2,"55":2,"56":2,"57":3,"58":3,"59":2,"60":1,"61":1,"62":1,"63":2,"64":2,"65":2,"66":1,"67":2,"68":5},"f":{"0":3,"1":4,"2":3,"3":4,"4":3,"5":2},"b":{"0":[1,2],"1":[1,1],"2":[1,1],"3":[2,1],"4":[1,2],"5":[1,1],"6":[2,2]},"_coverageSchema":"1a1c01bbd47fc00a2c39e90264f33305004495a9","hash":"087fbac434ff06050fd51399f7a14f64392a022f"}
,"G:\\ProjetoII\\ProjetoWebII\\back-end\\controllers\\schoolControllers.js": {"path":"G:\\ProjetoII\\ProjetoWebII\\back-end\\controllers\\schoolControllers.js","statementMap":{"0":{"start":{"line":1,"column":11},"end":{"line":1,"column":39}},"1":{"start":{"line":2,"column":15},"end":{"line":2,"column":24}},"2":{"start":{"line":4,"column":23},"end":{"line":4,"column":48}},"3":{"start":{"line":6,"column":19},"end":{"line":16,"column":1}},"4":{"start":{"line":7,"column":2},"end":{"line":15,"column":3}},"5":{"start":{"line":8,"column":20},"end":{"line":8,"column":42}},"6":{"start":{"line":9,"column":4},"end":{"line":11,"column":5}},"7":{"start":{"line":10,"column":6},"end":{"line":10,"column":68}},"8":{"start":{"line":12,"column":4},"end":{"line":12,"column":41}},"9":{"start":{"line":14,"column":4},"end":{"line":14,"column":14}},"10":{"start":{"line":19,"column":16},"end":{"line":30,"column":1}},"11":{"start":{"line":20,"column":87},"end":{"line":20,"column":95}},"12":{"start":{"line":21,"column":18},"end":{"line":21,"column":94}},"13":{"start":{"line":22,"column":4},"end":{"line":29,"column":5}},"14":{"start":{"line":23,"column":4},"end":{"line":23,"column":33}},"15":{"start":{"line":24,"column":8},"end":{"line":26,"column":10}},"16":{"start":{"line":28,"column":8},"end":{"line":28,"column":17}},"17":{"start":{"line":32,"column":19},"end":{"line":46,"column":1}},"18":{"start":{"line":33,"column":20},"end":{"line":33,"column":40}},"19":{"start":{"line":34,"column":4},"end":{"line":45,"column":5}},"20":{"start":{"line":35,"column":8},"end":{"line":39,"column":10}},"21":{"start":{"line":40,"column":8},"end":{"line":42,"column":10}},"22":{"start":{"line":44,"column":8},"end":{"line":44,"column":17}},"23":{"start":{"line":49,"column":0},"end":{"line":53,"column":1}}},"fnMap":{"0":{"name":"(anonymous_0)","decl":{"start":{"line":6,"column":19},"end":{"line":6,"column":20}},"loc":{"start":{"line":6,"column":45},"end":{"line":16,"column":1}},"line":6},"1":{"name":"(anonymous_1)","decl":{"start":{"line":19,"column":16},"end":{"line":19,"column":17}},"loc":{"start":{"line":19,"column":42},"end":{"line":30,"column":1}},"line":19},"2":{"name":"(anonymous_2)","decl":{"start":{"line":32,"column":19},"end":{"line":32,"column":20}},"loc":{"start":{"line":32,"column":45},"end":{"line":46,"column":1}},"line":32}},"branchMap":{"0":{"loc":{"start":{"line":9,"column":4},"end":{"line":11,"column":5}},"type":"if","locations":[{"start":{"line":9,"column":4},"end":{"line":11,"column":5}},{"start":{},"end":{}}],"line":9},"1":{"loc":{"start":{"line":9,"column":8},"end":{"line":9,"column":40}},"type":"binary-expr","locations":[{"start":{"line":9,"column":8},"end":{"line":9,"column":16}},{"start":{"line":9,"column":20},"end":{"line":9,"column":40}}],"line":9}},"s":{"0":5,"1":5,"2":5,"3":5,"4":3,"5":3,"6":2,"7":1,"8":1,"9":2,"10":5,"11":2,"12":2,"13":2,"14":2,"15":1,"16":1,"17":5,"18":2,"19":2,"20":2,"21":1,"22":1,"23":5},"f":{"0":3,"1":2,"2":2},"b":{"0":[1,1],"1":[2,1]},"_coverageSchema":"1a1c01bbd47fc00a2c39e90264f33305004495a9","hash":"6b914d591f932ae2bbe39a5ae9fc31f7418edc5e"}
,"G:\\ProjetoII\\ProjetoWebII\\back-end\\controllers\\sessaoControllers.js": {"path":"G:\\ProjetoII\\ProjetoWebII\\back-end\\controllers\\sessaoControllers.js","statementMap":{"0":{"start":{"line":1,"column":11},"end":{"line":1,"column":42}},"1":{"start":{"line":2,"column":15},"end":{"line":2,"column":24}},"2":{"start":{"line":3,"column":18},"end":{"line":3,"column":30}},"3":{"start":{"line":6,"column":25},"end":{"line":6,"column":53}},"4":{"start":{"line":8,"column":21},"end":{"line":43,"column":1}},"5":{"start":{"line":11,"column":12},"end":{"line":11,"column":39}},"6":{"start":{"line":12,"column":12},"end":{"line":12,"column":29}},"7":{"start":{"line":13,"column":12},"end":{"line":13,"column":43}},"8":{"start":{"line":14,"column":12},"end":{"line":14,"column":43}},"9":{"start":{"line":15,"column":12},"end":{"line":15,"column":31}},"10":{"start":{"line":18,"column":4},"end":{"line":42,"column":5}},"11":{"start":{"line":19,"column":25},"end":{"line":21,"column":10}},"12":{"start":{"line":22,"column":8},"end":{"line":24,"column":9}},"13":{"start":{"line":23,"column":12},"end":{"line":23,"column":73}},"14":{"start":{"line":25,"column":27},"end":{"line":25,"column":29}},"15":{"start":{"line":26,"column":16},"end":{"line":26,"column":17}},"16":{"start":{"line":27,"column":8},"end":{"line":39,"column":11}},"17":{"start":{"line":28,"column":34},"end":{"line":32,"column":14}},"18":{"start":{"line":33,"column":27},"end":{"line":33,"column":214}},"19":{"start":{"line":34,"column":12},"end":{"line":34,"column":37}},"20":{"start":{"line":35,"column":12},"end":{"line":35,"column":19}},"21":{"start":{"line":36,"column":12},"end":{"line":38,"column":13}},"22":{"start":{"line":37,"column":16},"end":{"line":37,"column":55}},"23":{"start":{"line":41,"column":8},"end":{"line":41,"column":17}},"24":{"start":{"line":45,"column":16},"end":{"line":67,"column":1}},"25":{"start":{"line":46,"column":58},"end":{"line":46,"column":66}},"26":{"start":{"line":47,"column":20},"end":{"line":47,"column":67}},"27":{"start":{"line":49,"column":4},"end":{"line":66,"column":5}},"28":{"start":{"line":50,"column":27},"end":{"line":50,"column":52}},"29":{"start":{"line":51,"column":21},"end":{"line":51,"column":26}},"30":{"start":{"line":52,"column":8},"end":{"line":60,"column":11}},"31":{"start":{"line":53,"column":12},"end":{"line":59,"column":13}},"32":{"start":{"line":54,"column":16},"end":{"line":54,"column":30}},"33":{"start":{"line":55,"column":16},"end":{"line":55,"column":45}},"34":{"start":{"line":56,"column":16},"end":{"line":58,"column":18}},"35":{"start":{"line":61,"column":8},"end":{"line":63,"column":9}},"36":{"start":{"line":62,"column":12},"end":{"line":62,"column":76}},"37":{"start":{"line":65,"column":8},"end":{"line":65,"column":17}},"38":{"start":{"line":69,"column":19},"end":{"line":84,"column":1}},"39":{"start":{"line":70,"column":22},"end":{"line":70,"column":42}},"40":{"start":{"line":71,"column":4},"end":{"line":83,"column":5}},"41":{"start":{"line":72,"column":8},"end":{"line":77,"column":10}},"42":{"start":{"line":78,"column":7},"end":{"line":80,"column":9}},"43":{"start":{"line":82,"column":8},"end":{"line":82,"column":17}},"44":{"start":{"line":86,"column":23},"end":{"line":102,"column":1}},"45":{"start":{"line":87,"column":28},"end":{"line":87,"column":36}},"46":{"start":{"line":88,"column":4},"end":{"line":101,"column":5}},"47":{"start":{"line":89,"column":23},"end":{"line":94,"column":10}},"48":{"start":{"line":95,"column":30},"end":{"line":95,"column":83}},"49":{"start":{"line":95,"column":54},"end":{"line":95,"column":82}},"50":{"start":{"line":96,"column":8},"end":{"line":98,"column":10}},"51":{"start":{"line":100,"column":8},"end":{"line":100,"column":17}},"52":{"start":{"line":106,"column":0},"end":{"line":111,"column":1}}},"fnMap":{"0":{"name":"(anonymous_0)","decl":{"start":{"line":8,"column":21},"end":{"line":8,"column":22}},"loc":{"start":{"line":8,"column":47},"end":{"line":43,"column":1}},"line":8},"1":{"name":"(anonymous_1)","decl":{"start":{"line":10,"column":8},"end":{"line":10,"column":9}},"loc":{"start":{"line":10,"column":69},"end":{"line":16,"column":9}},"line":10},"2":{"name":"(anonymous_2)","decl":{"start":{"line":27,"column":25},"end":{"line":27,"column":26}},"loc":{"start":{"line":27,"column":42},"end":{"line":39,"column":9}},"line":27},"3":{"name":"(anonymous_3)","decl":{"start":{"line":45,"column":16},"end":{"line":45,"column":17}},"loc":{"start":{"line":45,"column":41},"end":{"line":67,"column":1}},"line":45},"4":{"name":"(anonymous_4)","decl":{"start":{"line":52,"column":27},"end":{"line":52,"column":28}},"loc":{"start":{"line":52,"column":46},"end":{"line":60,"column":9}},"line":52},"5":{"name":"(anonymous_5)","decl":{"start":{"line":69,"column":19},"end":{"line":69,"column":20}},"loc":{"start":{"line":69,"column":45},"end":{"line":84,"column":1}},"line":69},"6":{"name":"(anonymous_6)","decl":{"start":{"line":86,"column":23},"end":{"line":86,"column":24}},"loc":{"start":{"line":86,"column":49},"end":{"line":102,"column":1}},"line":86},"7":{"name":"(anonymous_7)","decl":{"start":{"line":95,"column":43},"end":{"line":95,"column":44}},"loc":{"start":{"line":95,"column":54},"end":{"line":95,"column":82}},"line":95}},"branchMap":{"0":{"loc":{"start":{"line":22,"column":8},"end":{"line":24,"column":9}},"type":"if","locations":[{"start":{"line":22,"column":8},"end":{"line":24,"column":9}},{"start":{},"end":{}}],"line":22},"1":{"loc":{"start":{"line":36,"column":12},"end":{"line":38,"column":13}},"type":"if","locations":[{"start":{"line":36,"column":12},"end":{"line":38,"column":13}},{"start":{},"end":{}}],"line":36},"2":{"loc":{"start":{"line":53,"column":12},"end":{"line":59,"column":13}},"type":"if","locations":[{"start":{"line":53,"column":12},"end":{"line":59,"column":13}},{"start":{},"end":{}}],"line":53},"3":{"loc":{"start":{"line":61,"column":8},"end":{"line":63,"column":9}},"type":"if","locations":[{"start":{"line":61,"column":8},"end":{"line":63,"column":9}},{"start":{},"end":{}}],"line":61}},"s":{"0":5,"1":5,"2":5,"3":5,"4":5,"5":2,"6":2,"7":2,"8":2,"9":2,"10":3,"11":3,"12":2,"13":1,"14":1,"15":1,"16":1,"17":2,"18":2,"19":2,"20":2,"21":2,"22":1,"23":2,"24":5,"25":3,"26":3,"27":3,"28":3,"29":2,"30":2,"31":4,"32":1,"33":1,"34":1,"35":2,"36":1,"37":2,"38":5,"39":2,"40":2,"41":2,"42":1,"43":1,"44":5,"45":2,"46":2,"47":2,"48":1,"49":1,"50":1,"51":1,"52":5},"f":{"0":3,"1":2,"2":2,"3":3,"4":4,"5":2,"6":2,"7":1},"b":{"0":[1,1],"1":[1,1],"2":[1,3],"3":[1,1]},"_coverageSchema":"1a1c01bbd47fc00a2c39e90264f33305004495a9","hash":"8aed42b69459e0f8199ffda1a494ae23aaa47603"}
,"G:\\ProjetoII\\ProjetoWebII\\back-end\\controllers\\usersControllers.js": {"path":"G:\\ProjetoII\\ProjetoWebII\\back-end\\controllers\\usersControllers.js","statementMap":{"0":{"start":{"line":1,"column":10},"end":{"line":1,"column":28}},"1":{"start":{"line":2,"column":12},"end":{"line":2,"column":35}},"2":{"start":{"line":3,"column":11},"end":{"line":3,"column":42}},"3":{"start":{"line":4,"column":0},"end":{"line":4,"column":27}},"4":{"start":{"line":5,"column":13},"end":{"line":5,"column":26}},"5":{"start":{"line":6,"column":24},"end":{"line":6,"column":42}},"6":{"start":{"line":9,"column":25},"end":{"line":9,"column":53}},"7":{"start":{"line":11,"column":31},"end":{"line":37,"column":1}},"8":{"start":{"line":12,"column":20},"end":{"line":12,"column":33}},"9":{"start":{"line":13,"column":4},"end":{"line":36,"column":5}},"10":{"start":{"line":14,"column":25},"end":{"line":19,"column":10}},"11":{"start":{"line":20,"column":8},"end":{"line":22,"column":9}},"12":{"start":{"line":21,"column":12},"end":{"line":21,"column":68}},"13":{"start":{"line":23,"column":30},"end":{"line":28,"column":10}},"14":{"start":{"line":29,"column":8},"end":{"line":31,"column":9}},"15":{"start":{"line":30,"column":12},"end":{"line":30,"column":86}},"16":{"start":{"line":32,"column":30},"end":{"line":32,"column":85}},"17":{"start":{"line":32,"column":60},"end":{"line":32,"column":84}},"18":{"start":{"line":33,"column":8},"end":{"line":33,"column":50}},"19":{"start":{"line":35,"column":8},"end":{"line":35,"column":17}},"20":{"start":{"line":39,"column":18},"end":{"line":50,"column":1}},"21":{"start":{"line":40,"column":4},"end":{"line":49,"column":5}},"22":{"start":{"line":41,"column":29},"end":{"line":41,"column":49}},"23":{"start":{"line":42,"column":8},"end":{"line":44,"column":9}},"24":{"start":{"line":43,"column":12},"end":{"line":43,"column":62}},"25":{"start":{"line":46,"column":8},"end":{"line":46,"column":50}},"26":{"start":{"line":48,"column":8},"end":{"line":48,"column":18}},"27":{"start":{"line":52,"column":17},"end":{"line":64,"column":1}},"28":{"start":{"line":53,"column":20},"end":{"line":53,"column":38}},"29":{"start":{"line":54,"column":4},"end":{"line":63,"column":5}},"30":{"start":{"line":55,"column":8},"end":{"line":59,"column":10}},"31":{"start":{"line":60,"column":8},"end":{"line":60,"column":31}},"32":{"start":{"line":62,"column":8},"end":{"line":62,"column":17}},"33":{"start":{"line":66,"column":16},"end":{"line":112,"column":1}},"34":{"start":{"line":67,"column":31},"end":{"line":67,"column":39}},"35":{"start":{"line":68,"column":4},"end":{"line":111,"column":5}},"36":{"start":{"line":69,"column":29},"end":{"line":73,"column":10}},"37":{"start":{"line":74,"column":8},"end":{"line":108,"column":5}},"38":{"start":{"line":75,"column":12},"end":{"line":75,"column":79}},"39":{"start":{"line":77,"column":26},"end":{"line":77,"column":47}},"40":{"start":{"line":78,"column":12},"end":{"line":107,"column":9}},"41":{"start":{"line":79,"column":34},"end":{"line":79,"column":56}},"42":{"start":{"line":80,"column":32},"end":{"line":83,"column":25}},"43":{"start":{"line":84,"column":26},"end":{"line":84,"column":75}},"44":{"start":{"line":85,"column":16},"end":{"line":104,"column":13}},"45":{"start":{"line":87,"column":24},"end":{"line":90,"column":26}},"46":{"start":{"line":91,"column":20},"end":{"line":91,"column":26}},"47":{"start":{"line":93,"column":24},"end":{"line":96,"column":26}},"48":{"start":{"line":97,"column":20},"end":{"line":97,"column":26}},"49":{"start":{"line":99,"column":24},"end":{"line":102,"column":26}},"50":{"start":{"line":103,"column":20},"end":{"line":103,"column":26}},"51":{"start":{"line":106,"column":12},"end":{"line":106,"column":62}},"52":{"start":{"line":110,"column":8},"end":{"line":110,"column":17}},"53":{"start":{"line":114,"column":14},"end":{"line":127,"column":1}},"54":{"start":{"line":115,"column":51},"end":{"line":115,"column":59}},"55":{"start":{"line":116,"column":17},"end":{"line":116,"column":18}},"56":{"start":{"line":117,"column":4},"end":{"line":126,"column":5}},"57":{"start":{"line":118,"column":26},"end":{"line":118,"column":72}},"58":{"start":{"line":119,"column":8},"end":{"line":119,"column":36}},"59":{"start":{"line":120,"column":8},"end":{"line":122,"column":10}},"60":{"start":{"line":125,"column":8},"end":{"line":125,"column":17}},"61":{"start":{"line":129,"column":0},"end":{"line":135,"column":1}}},"fnMap":{"0":{"name":"(anonymous_0)","decl":{"start":{"line":11,"column":31},"end":{"line":11,"column":32}},"loc":{"start":{"line":11,"column":57},"end":{"line":37,"column":1}},"line":11},"1":{"name":"(anonymous_1)","decl":{"start":{"line":32,"column":50},"end":{"line":32,"column":51}},"loc":{"start":{"line":32,"column":60},"end":{"line":32,"column":84}},"line":32},"2":{"name":"(anonymous_2)","decl":{"start":{"line":39,"column":18},"end":{"line":39,"column":19}},"loc":{"start":{"line":39,"column":44},"end":{"line":50,"column":1}},"line":39},"3":{"name":"(anonymous_3)","decl":{"start":{"line":52,"column":17},"end":{"line":52,"column":18}},"loc":{"start":{"line":52,"column":43},"end":{"line":64,"column":1}},"line":52},"4":{"name":"(anonymous_4)","decl":{"start":{"line":66,"column":16},"end":{"line":66,"column":17}},"loc":{"start":{"line":66,"column":42},"end":{"line":112,"column":1}},"line":66},"5":{"name":"(anonymous_5)","decl":{"start":{"line":114,"column":14},"end":{"line":114,"column":15}},"loc":{"start":{"line":114,"column":40},"end":{"line":127,"column":1}},"line":114}},"branchMap":{"0":{"loc":{"start":{"line":20,"column":8},"end":{"line":22,"column":9}},"type":"if","locations":[{"start":{"line":20,"column":8},"end":{"line":22,"column":9}},{"start":{},"end":{}}],"line":20},"1":{"loc":{"start":{"line":29,"column":8},"end":{"line":31,"column":9}},"type":"if","locations":[{"start":{"line":29,"column":8},"end":{"line":31,"column":9}},{"start":{},"end":{}}],"line":29},"2":{"loc":{"start":{"line":42,"column":8},"end":{"line":44,"column":9}},"type":"if","locations":[{"start":{"line":42,"column":8},"end":{"line":44,"column":9}},{"start":{},"end":{}}],"line":42},"3":{"loc":{"start":{"line":74,"column":8},"end":{"line":108,"column":5}},"type":"if","locations":[{"start":{"line":74,"column":8},"end":{"line":108,"column":5}},{"start":{"line":76,"column":15},"end":{"line":108,"column":5}}],"line":74},"4":{"loc":{"start":{"line":78,"column":12},"end":{"line":107,"column":9}},"type":"if","locations":[{"start":{"line":78,"column":12},"end":{"line":107,"column":9}},{"start":{"line":105,"column":15},"end":{"line":107,"column":9}}],"line":78},"5":{"loc":{"start":{"line":85,"column":16},"end":{"line":104,"column":13}},"type":"switch","locations":[{"start":{"line":86,"column":20},"end":{"line":91,"column":26}},{"start":{"line":92,"column":20},"end":{"line":97,"column":26}},{"start":{"line":98,"column":20},"end":{"line":103,"column":26}}],"line":85}},"s":{"0":5,"1":5,"2":5,"3":5,"4":5,"5":5,"6":5,"7":5,"8":3,"9":3,"10":3,"11":3,"12":1,"13":2,"14":2,"15":1,"16":1,"17":1,"18":1,"19":2,"20":5,"21":2,"22":2,"23":2,"24":1,"25":1,"26":1,"27":5,"28":2,"29":2,"30":2,"31":1,"32":1,"33":5,"34":6,"35":6,"36":6,"37":5,"38":1,"39":4,"40":4,"41":3,"42":3,"43":3,"44":3,"45":1,"46":1,"47":1,"48":1,"49":1,"50":1,"51":1,"52":3,"53":5,"54":2,"55":2,"56":2,"57":2,"58":2,"59":1,"60":1,"61":5},"f":{"0":3,"1":1,"2":2,"3":2,"4":6,"5":2},"b":{"0":[1,2],"1":[1,1],"2":[1,1],"3":[1,4],"4":[3,1],"5":[1,1,1]},"_coverageSchema":"1a1c01bbd47fc00a2c39e90264f33305004495a9","hash":"ec7309fbf158805f51c03ce566f3c8094f481dd2"}
,"G:\\ProjetoII\\ProjetoWebII\\back-end\\models\\InscricaoVoluntariado_model.js": {"path":"G:\\ProjetoII\\ProjetoWebII\\back-end\\models\\InscricaoVoluntariado_model.js","statementMap":{"0":{"start":{"line":1,"column":0},"end":{"line":24,"column":1}},"1":{"start":{"line":2,"column":28},"end":{"line":22,"column":10}},"2":{"start":{"line":23,"column":4},"end":{"line":23,"column":26}}},"fnMap":{"0":{"name":"(anonymous_0)","decl":{"start":{"line":1,"column":17},"end":{"line":1,"column":18}},"loc":{"start":{"line":1,"column":43},"end":{"line":24,"column":1}},"line":1}},"branchMap":{},"s":{"0":12,"1":12,"2":12},"f":{"0":12},"b":{},"_coverageSchema":"1a1c01bbd47fc00a2c39e90264f33305004495a9","hash":"3fcefca3509123fc6b2b554a46f7ea03542dcac3"}
,"G:\\ProjetoII\\ProjetoWebII\\back-end\\models\\areaTematics_models.js": {"path":"G:\\ProjetoII\\ProjetoWebII\\back-end\\models\\areaTematics_models.js","statementMap":{"0":{"start":{"line":1,"column":0},"end":{"line":23,"column":1}},"1":{"start":{"line":3,"column":17},"end":{"line":21,"column":3}},"2":{"start":{"line":22,"column":4},"end":{"line":22,"column":15}}},"fnMap":{"0":{"name":"(anonymous_0)","decl":{"start":{"line":1,"column":17},"end":{"line":1,"column":18}},"loc":{"start":{"line":1,"column":43},"end":{"line":23,"column":1}},"line":1}},"branchMap":{},"s":{"0":12,"1":12,"2":12},"f":{"0":12},"b":{},"_coverageSchema":"1a1c01bbd47fc00a2c39e90264f33305004495a9","hash":"441ebb839b53e0fd2b451eb812f0159c8b333115"}
,"G:\\ProjetoII\\ProjetoWebII\\back-end\\models\\atividade_models.js": {"path":"G:\\ProjetoII\\ProjetoWebII\\back-end\\models\\atividade_models.js","statementMap":{"0":{"start":{"line":1,"column":0},"end":{"line":44,"column":1}},"1":{"start":{"line":2,"column":22},"end":{"line":42,"column":6}},"2":{"start":{"line":43,"column":4},"end":{"line":43,"column":20}}},"fnMap":{"0":{"name":"(anonymous_0)","decl":{"start":{"line":1,"column":17},"end":{"line":1,"column":18}},"loc":{"start":{"line":1,"column":43},"end":{"line":44,"column":1}},"line":1}},"branchMap":{},"s":{"0":12,"1":12,"2":12},"f":{"0":12},"b":{},"_coverageSchema":"1a1c01bbd47fc00a2c39e90264f33305004495a9","hash":"4f8b4b5c578767bea72b9704936fc5db60e176af"}
,"G:\\ProjetoII\\ProjetoWebII\\back-end\\models\\connect.js": {"path":"G:\\ProjetoII\\ProjetoWebII\\back-end\\models\\connect.js","statementMap":{"0":{"start":{"line":2,"column":22},"end":{"line":2,"column":42}},"1":{"start":{"line":3,"column":0},"end":{"line":3,"column":27}},"2":{"start":{"line":5,"column":18},"end":{"line":16,"column":1}},"3":{"start":{"line":18,"column":0},"end":{"line":29,"column":1}},"4":{"start":{"line":19,"column":0},"end":{"line":28,"column":4}},"5":{"start":{"line":20,"column":4},"end":{"line":26,"column":5}},"6":{"start":{"line":21,"column":8},"end":{"line":21,"column":39}},"7":{"start":{"line":22,"column":8},"end":{"line":22,"column":85}},"8":{"start":{"line":24,"column":8},"end":{"line":24,"column":69}},"9":{"start":{"line":25,"column":8},"end":{"line":25,"column":24}},"10":{"start":{"line":30,"column":11},"end":{"line":30,"column":13}},"11":{"start":{"line":31,"column":0},"end":{"line":31,"column":25}},"12":{"start":{"line":33,"column":0},"end":{"line":33,"column":79}},"13":{"start":{"line":34,"column":0},"end":{"line":34,"column":81}},"14":{"start":{"line":35,"column":0},"end":{"line":35,"column":85}},"15":{"start":{"line":36,"column":0},"end":{"line":36,"column":75}},"16":{"start":{"line":37,"column":0},"end":{"line":37,"column":71}},"17":{"start":{"line":38,"column":0},"end":{"line":38,"column":79}},"18":{"start":{"line":39,"column":0},"end":{"line":39,"column":94}},"19":{"start":{"line":42,"column":0},"end":{"line":42,"column":98}},"20":{"start":{"line":43,"column":0},"end":{"line":43,"column":81}},"21":{"start":{"line":46,"column":0},"end":{"line":46,"column":93}},"22":{"start":{"line":47,"column":0},"end":{"line":47,"column":76}},"23":{"start":{"line":50,"column":0},"end":{"line":50,"column":100}},"24":{"start":{"line":51,"column":0},"end":{"line":51,"column":83}},"25":{"start":{"line":54,"column":0},"end":{"line":56,"column":3}},"26":{"start":{"line":57,"column":0},"end":{"line":59,"column":3}},"27":{"start":{"line":62,"column":0},"end":{"line":64,"column":3}},"28":{"start":{"line":65,"column":0},"end":{"line":67,"column":3}},"29":{"start":{"line":69,"column":0},"end":{"line":69,"column":19}}},"fnMap":{"0":{"name":"(anonymous_0)","decl":{"start":{"line":19,"column":1},"end":{"line":19,"column":2}},"loc":{"start":{"line":19,"column":13},"end":{"line":27,"column":1}},"line":19}},"branchMap":{"0":{"loc":{"start":{"line":18,"column":0},"end":{"line":29,"column":1}},"type":"if","locations":[{"start":{"line":18,"column":0},"end":{"line":29,"column":1}},{"start":{},"end":{}}],"line":18}},"s":{"0":12,"1":12,"2":12,"3":12,"4":0,"5":0,"6":0,"7":0,"8":0,"9":0,"10":12,"11":12,"12":12,"13":12,"14":12,"15":12,"16":12,"17":12,"18":12,"19":12,"20":12,"21":12,"22":12,"23":12,"24":12,"25":12,"26":12,"27":12,"28":12,"29":12},"f":{"0":0},"b":{"0":[0,12]},"_coverageSchema":"1a1c01bbd47fc00a2c39e90264f33305004495a9","hash":"605218b8c066d43d22a50f86f4644a16f99cc39e"}
,"G:\\ProjetoII\\ProjetoWebII\\back-end\\models\\conquistas_models.js": {"path":"G:\\ProjetoII\\ProjetoWebII\\back-end\\models\\conquistas_models.js","statementMap":{"0":{"start":{"line":1,"column":0},"end":{"line":27,"column":1}},"1":{"start":{"line":3,"column":23},"end":{"line":25,"column":3}},"2":{"start":{"line":26,"column":4},"end":{"line":26,"column":21}}},"fnMap":{"0":{"name":"(anonymous_0)","decl":{"start":{"line":1,"column":17},"end":{"line":1,"column":18}},"loc":{"start":{"line":1,"column":43},"end":{"line":27,"column":1}},"line":1}},"branchMap":{},"s":{"0":12,"1":12,"2":12},"f":{"0":12},"b":{},"_coverageSchema":"1a1c01bbd47fc00a2c39e90264f33305004495a9","hash":"8bc4973fbec3b5a9908f4b362b0ea1e94995ec56"}
,"G:\\ProjetoII\\ProjetoWebII\\back-end\\models\\school_models.js": {"path":"G:\\ProjetoII\\ProjetoWebII\\back-end\\models\\school_models.js","statementMap":{"0":{"start":{"line":1,"column":0},"end":{"line":49,"column":1}},"1":{"start":{"line":2,"column":19},"end":{"line":47,"column":3}},"2":{"start":{"line":48,"column":4},"end":{"line":48,"column":17}}},"fnMap":{"0":{"name":"(anonymous_0)","decl":{"start":{"line":1,"column":17},"end":{"line":1,"column":18}},"loc":{"start":{"line":1,"column":43},"end":{"line":49,"column":1}},"line":1}},"branchMap":{},"s":{"0":12,"1":12,"2":12},"f":{"0":12},"b":{},"_coverageSchema":"1a1c01bbd47fc00a2c39e90264f33305004495a9","hash":"d8b7e861af0afde5bb884fec6037442133517dbf"}
,"G:\\ProjetoII\\ProjetoWebII\\back-end\\models\\sessao_models.js": {"path":"G:\\ProjetoII\\ProjetoWebII\\back-end\\models\\sessao_models.js","statementMap":{"0":{"start":{"line":1,"column":0},"end":{"line":31,"column":1}},"1":{"start":{"line":3,"column":19},"end":{"line":29,"column":6}},"2":{"start":{"line":30,"column":4},"end":{"line":30,"column":17}}},"fnMap":{"0":{"name":"(anonymous_0)","decl":{"start":{"line":1,"column":17},"end":{"line":1,"column":18}},"loc":{"start":{"line":1,"column":43},"end":{"line":31,"column":1}},"line":1}},"branchMap":{},"s":{"0":12,"1":12,"2":12},"f":{"0":12},"b":{},"_coverageSchema":"1a1c01bbd47fc00a2c39e90264f33305004495a9","hash":"3e04eb54c0e6b9d843a9927b8b0da4ce1edcfab7"}
,"G:\\ProjetoII\\ProjetoWebII\\back-end\\models\\user_models.js": {"path":"G:\\ProjetoII\\ProjetoWebII\\back-end\\models\\user_models.js","statementMap":{"0":{"start":{"line":1,"column":0},"end":{"line":46,"column":1}},"1":{"start":{"line":2,"column":23},"end":{"line":44,"column":2}},"2":{"start":{"line":45,"column":4},"end":{"line":45,"column":21}}},"fnMap":{"0":{"name":"(anonymous_0)","decl":{"start":{"line":1,"column":17},"end":{"line":1,"column":18}},"loc":{"start":{"line":1,"column":43},"end":{"line":46,"column":1}},"line":1}},"branchMap":{},"s":{"0":12,"1":12,"2":12},"f":{"0":12},"b":{},"_coverageSchema":"1a1c01bbd47fc00a2c39e90264f33305004495a9","hash":"e5a9a14b9beacd812c37c8a39c63cac9d0eaf8bc"}
,"G:\\ProjetoII\\ProjetoWebII\\back-end\\routes\\Area.routes.js": {"path":"G:\\ProjetoII\\ProjetoWebII\\back-end\\routes\\Area.routes.js","statementMap":{"0":{"start":{"line":1,"column":16},"end":{"line":1,"column":34}},"1":{"start":{"line":2,"column":15},"end":{"line":2,"column":31}},"2":{"start":{"line":3,"column":29},"end":{"line":3,"column":56}},"3":{"start":{"line":5,"column":24},"end":{"line":5,"column":73}},"4":{"start":{"line":7,"column":0},"end":{"line":7,"column":45}},"5":{"start":{"line":8,"column":0},"end":{"line":8,"column":69}},"6":{"start":{"line":9,"column":0},"end":{"line":9,"column":62}},"7":{"start":{"line":10,"column":0},"end":{"line":10,"column":74}},"8":{"start":{"line":11,"column":0},"end":{"line":11,"column":56}},"9":{"start":{"line":14,"column":0},"end":{"line":14,"column":24}}},"fnMap":{},"branchMap":{},"s":{"0":4,"1":4,"2":4,"3":4,"4":4,"5":4,"6":4,"7":4,"8":4,"9":4},"f":{},"b":{},"_coverageSchema":"1a1c01bbd47fc00a2c39e90264f33305004495a9","hash":"1b9eb6b6f91d7ee866bbb707f2c54ab4a8b578e2"}
,"G:\\ProjetoII\\ProjetoWebII\\back-end\\routes\\Session.routes.js": {"path":"G:\\ProjetoII\\ProjetoWebII\\back-end\\routes\\Session.routes.js","statementMap":{"0":{"start":{"line":1,"column":16},"end":{"line":1,"column":34}},"1":{"start":{"line":2,"column":0},"end":{"line":2,"column":27}},"2":{"start":{"line":3,"column":15},"end":{"line":3,"column":31}},"3":{"start":{"line":4,"column":29},"end":{"line":4,"column":56}},"4":{"start":{"line":5,"column":28},"end":{"line":5,"column":80}},"5":{"start":{"line":7,"column":26},"end":{"line":7,"column":69}},"6":{"start":{"line":8,"column":41},"end":{"line":8,"column":100}},"7":{"start":{"line":10,"column":0},"end":{"line":10,"column":49}},"8":{"start":{"line":11,"column":0},"end":{"line":11,"column":87}},"9":{"start":{"line":12,"column":0},"end":{"line":12,"column":80}},"10":{"start":{"line":13,"column":0},"end":{"line":13,"column":57}},"11":{"start":{"line":14,"column":0},"end":{"line":14,"column":87}},"12":{"start":{"line":16,"column":0},"end":{"line":16,"column":23}}},"fnMap":{},"branchMap":{},"s":{"0":4,"1":4,"2":4,"3":4,"4":4,"5":4,"6":4,"7":4,"8":4,"9":4,"10":4,"11":4,"12":4},"f":{},"b":{},"_coverageSchema":"1a1c01bbd47fc00a2c39e90264f33305004495a9","hash":"c230ec31afc884cf0691d360ed591e4c5ed95b1b"}
,"G:\\ProjetoII\\ProjetoWebII\\back-end\\routes\\atividade.routes.js": {"path":"G:\\ProjetoII\\ProjetoWebII\\back-end\\routes\\atividade.routes.js","statementMap":{"0":{"start":{"line":1,"column":16},"end":{"line":1,"column":34}},"1":{"start":{"line":2,"column":15},"end":{"line":2,"column":31}},"2":{"start":{"line":3,"column":29},"end":{"line":3,"column":56}},"3":{"start":{"line":4,"column":31},"end":{"line":4,"column":76}},"4":{"start":{"line":6,"column":28},"end":{"line":6,"column":77}},"5":{"start":{"line":8,"column":0},"end":{"line":8,"column":69}},"6":{"start":{"line":9,"column":0},"end":{"line":9,"column":54}},"7":{"start":{"line":10,"column":0},"end":{"line":10,"column":97}},"8":{"start":{"line":11,"column":0},"end":{"line":11,"column":69}},"9":{"start":{"line":12,"column":0},"end":{"line":12,"column":87}},"10":{"start":{"line":13,"column":0},"end":{"line":13,"column":80}},"11":{"start":{"line":15,"column":0},"end":{"line":15,"column":24}}},"fnMap":{},"branchMap":{},"s":{"0":4,"1":4,"2":4,"3":4,"4":4,"5":4,"6":4,"7":4,"8":4,"9":4,"10":4,"11":4},"f":{},"b":{},"_coverageSchema":"1a1c01bbd47fc00a2c39e90264f33305004495a9","hash":"450121725c0ac02151da950c815287dffb6b9bb2"}
,"G:\\ProjetoII\\ProjetoWebII\\back-end\\routes\\school.routes.js": {"path":"G:\\ProjetoII\\ProjetoWebII\\back-end\\routes\\school.routes.js","statementMap":{"0":{"start":{"line":1,"column":16},"end":{"line":1,"column":34}},"1":{"start":{"line":2,"column":15},"end":{"line":2,"column":31}},"2":{"start":{"line":3,"column":29},"end":{"line":3,"column":56}},"3":{"start":{"line":4,"column":28},"end":{"line":4,"column":78}},"4":{"start":{"line":6,"column":26},"end":{"line":6,"column":69}},"5":{"start":{"line":8,"column":0},"end":{"line":8,"column":47}},"6":{"start":{"line":9,"column":0},"end":{"line":9,"column":86}},"7":{"start":{"line":10,"column":0},"end":{"line":10,"column":81}},"8":{"start":{"line":12,"column":0},"end":{"line":12,"column":24}}},"fnMap":{},"branchMap":{},"s":{"0":4,"1":4,"2":4,"3":4,"4":4,"5":4,"6":4,"7":4,"8":4},"f":{},"b":{},"_coverageSchema":"1a1c01bbd47fc00a2c39e90264f33305004495a9","hash":"780dcc4991dcec49eb66475b3daad17bdcbdd9ed"}
,"G:\\ProjetoII\\ProjetoWebII\\back-end\\routes\\users.routes.js": {"path":"G:\\ProjetoII\\ProjetoWebII\\back-end\\routes\\users.routes.js","statementMap":{"0":{"start":{"line":1,"column":16},"end":{"line":1,"column":34}},"1":{"start":{"line":2,"column":15},"end":{"line":2,"column":31}},"2":{"start":{"line":3,"column":49},"end":{"line":3,"column":76}},"3":{"start":{"line":4,"column":27},"end":{"line":4,"column":72}},"4":{"start":{"line":6,"column":24},"end":{"line":6,"column":69}},"5":{"start":{"line":7,"column":41},"end":{"line":7,"column":103}},"6":{"start":{"line":10,"column":0},"end":{"line":10,"column":97}},"7":{"start":{"line":11,"column":0},"end":{"line":11,"column":88}},"8":{"start":{"line":12,"column":0},"end":{"line":12,"column":115}},"9":{"start":{"line":13,"column":0},"end":{"line":13,"column":97}},"10":{"start":{"line":14,"column":0},"end":{"line":14,"column":70}},"11":{"start":{"line":15,"column":0},"end":{"line":15,"column":45}},"12":{"start":{"line":16,"column":0},"end":{"line":16,"column":49}},"13":{"start":{"line":17,"column":0},"end":{"line":17,"column":62}},"14":{"start":{"line":18,"column":0},"end":{"line":18,"column":75}},"15":{"start":{"line":20,"column":0},"end":{"line":20,"column":24}}},"fnMap":{},"branchMap":{},"s":{"0":4,"1":4,"2":4,"3":4,"4":4,"5":4,"6":4,"7":4,"8":4,"9":4,"10":4,"11":4,"12":4,"13":4,"14":4,"15":4},"f":{},"b":{},"_coverageSchema":"1a1c01bbd47fc00a2c39e90264f33305004495a9","hash":"486dfb809cc279d8be7d26e095de0bfdcbf105d9"}
,"G:\\ProjetoII\\ProjetoWebII\\back-end\\utils\\RegisterUserMiddleware.js": {"path":"G:\\ProjetoII\\ProjetoWebII\\back-end\\utils\\RegisterUserMiddleware.js","statementMap":{"0":{"start":{"line":2,"column":25},"end":{"line":24,"column":1}},"1":{"start":{"line":3,"column":18},"end":{"line":3,"column":32}},"2":{"start":{"line":4,"column":15},"end":{"line":4,"column":43}},"3":{"start":{"line":5,"column":23},"end":{"line":5,"column":36}},"4":{"start":{"line":6,"column":3},"end":{"line":23,"column":4}},"5":{"start":{"line":7,"column":7},"end":{"line":9,"column":8}},"6":{"start":{"line":8,"column":11},"end":{"line":8,"column":75}},"7":{"start":{"line":10,"column":28},"end":{"line":13,"column":10}},"8":{"start":{"line":15,"column":8},"end":{"line":17,"column":9}},"9":{"start":{"line":16,"column":12},"end":{"line":16,"column":96}},"10":{"start":{"line":18,"column":7},"end":{"line":18,"column":13}},"11":{"start":{"line":20,"column":8},"end":{"line":22,"column":11}},"12":{"start":{"line":26,"column":0},"end":{"line":26,"column":35}}},"fnMap":{"0":{"name":"(anonymous_0)","decl":{"start":{"line":2,"column":25},"end":{"line":2,"column":26}},"loc":{"start":{"line":2,"column":51},"end":{"line":24,"column":1}},"line":2}},"branchMap":{"0":{"loc":{"start":{"line":7,"column":7},"end":{"line":9,"column":8}},"type":"if","locations":[{"start":{"line":7,"column":7},"end":{"line":9,"column":8}},{"start":{},"end":{}}],"line":7},"1":{"loc":{"start":{"line":7,"column":10},"end":{"line":7,"column":78}},"type":"binary-expr","locations":[{"start":{"line":7,"column":10},"end":{"line":7,"column":16}},{"start":{"line":7,"column":20},"end":{"line":7,"column":45}},{"start":{"line":7,"column":49},"end":{"line":7,"column":78}}],"line":7},"2":{"loc":{"start":{"line":15,"column":8},"end":{"line":17,"column":9}},"type":"if","locations":[{"start":{"line":15,"column":8},"end":{"line":17,"column":9}},{"start":{},"end":{}}],"line":15}},"s":{"0":5,"1":5,"2":5,"3":5,"4":5,"5":5,"6":2,"7":3,"8":2,"9":1,"10":1,"11":1,"12":5},"f":{"0":5},"b":{"0":[2,3],"1":[5,4,4],"2":[1,1]},"_coverageSchema":"1a1c01bbd47fc00a2c39e90264f33305004495a9","hash":"225cd3034dc0c466dab9287c7865a5f404cb44ba"}
,"G:\\ProjetoII\\ProjetoWebII\\back-end\\utils\\ValidateAddSchoolMiddleware.js": {"path":"G:\\ProjetoII\\ProjetoWebII\\back-end\\utils\\ValidateAddSchoolMiddleware.js","statementMap":{"0":{"start":{"line":1,"column":26},"end":{"line":25,"column":1}},"1":{"start":{"line":2,"column":16},"end":{"line":2,"column":33}},"2":{"start":{"line":3,"column":18},"end":{"line":3,"column":32}},"3":{"start":{"line":4,"column":25},"end":{"line":4,"column":46}},"4":{"start":{"line":6,"column":23},"end":{"line":6,"column":42}},"5":{"start":{"line":8,"column":4},"end":{"line":10,"column":3}},"6":{"start":{"line":9,"column":4},"end":{"line":9,"column":78}},"7":{"start":{"line":12,"column":23},"end":{"line":12,"column":51}},"8":{"start":{"line":14,"column":4},"end":{"line":16,"column":5}},"9":{"start":{"line":15,"column":4},"end":{"line":15,"column":64}},"10":{"start":{"line":18,"column":29},"end":{"line":18,"column":44}},"11":{"start":{"line":20,"column":4},"end":{"line":22,"column":3}},"12":{"start":{"line":21,"column":4},"end":{"line":21,"column":96}},"13":{"start":{"line":24,"column":2},"end":{"line":24,"column":8}},"14":{"start":{"line":27,"column":0},"end":{"line":27,"column":36}}},"fnMap":{"0":{"name":"(anonymous_0)","decl":{"start":{"line":1,"column":26},"end":{"line":1,"column":27}},"loc":{"start":{"line":1,"column":52},"end":{"line":25,"column":1}},"line":1}},"branchMap":{"0":{"loc":{"start":{"line":8,"column":4},"end":{"line":10,"column":3}},"type":"if","locations":[{"start":{"line":8,"column":4},"end":{"line":10,"column":3}},{"start":{},"end":{}}],"line":8},"1":{"loc":{"start":{"line":8,"column":8},"end":{"line":8,"column":37}},"type":"binary-expr","locations":[{"start":{"line":8,"column":8},"end":{"line":8,"column":12}},{"start":{"line":8,"column":16},"end":{"line":8,"column":37}}],"line":8},"2":{"loc":{"start":{"line":14,"column":4},"end":{"line":16,"column":5}},"type":"if","locations":[{"start":{"line":14,"column":4},"end":{"line":16,"column":5}},{"start":{},"end":{}}],"line":14},"3":{"loc":{"start":{"line":14,"column":8},"end":{"line":14,"column":41}},"type":"binary-expr","locations":[{"start":{"line":14,"column":8},"end":{"line":14,"column":14}},{"start":{"line":14,"column":18},"end":{"line":14,"column":41}}],"line":14},"4":{"loc":{"start":{"line":20,"column":4},"end":{"line":22,"column":3}},"type":"if","locations":[{"start":{"line":20,"column":4},"end":{"line":22,"column":3}},{"start":{},"end":{}}],"line":20},"5":{"loc":{"start":{"line":20,"column":8},"end":{"line":20,"column":60}},"type":"binary-expr","locations":[{"start":{"line":20,"column":8},"end":{"line":20,"column":21}},{"start":{"line":20,"column":25},"end":{"line":20,"column":60}}],"line":20}},"s":{"0":5,"1":7,"2":7,"3":7,"4":7,"5":7,"6":2,"7":5,"8":5,"9":2,"10":3,"11":3,"12":2,"13":1,"14":5},"f":{"0":7},"b":{"0":[2,5],"1":[7,6],"2":[2,3],"3":[5,4],"4":[2,1],"5":[3,2]},"_coverageSchema":"1a1c01bbd47fc00a2c39e90264f33305004495a9","hash":"2c4763dd81b0f126cf44eea1db2a80a2e5b25047"}
,"G:\\ProjetoII\\ProjetoWebII\\back-end\\utils\\ValidateDateAndHourMiddleware.js": {"path":"G:\\ProjetoII\\ProjetoWebII\\back-end\\utils\\ValidateDateAndHourMiddleware.js","statementMap":{"0":{"start":{"line":1,"column":11},"end":{"line":1,"column":42}},"1":{"start":{"line":2,"column":18},"end":{"line":2,"column":30}},"2":{"start":{"line":4,"column":26},"end":{"line":70,"column":1}},"3":{"start":{"line":5,"column":25},"end":{"line":5,"column":46}},"4":{"start":{"line":6,"column":24},"end":{"line":6,"column":44}},"5":{"start":{"line":7,"column":24},"end":{"line":7,"column":44}},"6":{"start":{"line":8,"column":4},"end":{"line":35,"column":5}},"7":{"start":{"line":9,"column":39},"end":{"line":9,"column":73}},"8":{"start":{"line":12,"column":8},"end":{"line":19,"column":9}},"9":{"start":{"line":18,"column":12},"end":{"line":18,"column":51}},"10":{"start":{"line":23,"column":29},"end":{"line":23,"column":63}},"11":{"start":{"line":24,"column":22},"end":{"line":24,"column":30}},"12":{"start":{"line":25,"column":20},"end":{"line":25,"column":29}},"13":{"start":{"line":27,"column":8},"end":{"line":29,"column":9}},"14":{"start":{"line":28,"column":12},"end":{"line":28,"column":97}},"15":{"start":{"line":32,"column":8},"end":{"line":34,"column":11}},"16":{"start":{"line":37,"column":4},"end":{"line":69,"column":5}},"17":{"start":{"line":38,"column":29},"end":{"line":43,"column":10}},"18":{"start":{"line":45,"column":8},"end":{"line":47,"column":9}},"19":{"start":{"line":46,"column":12},"end":{"line":46,"column":74}},"20":{"start":{"line":49,"column":26},"end":{"line":49,"column":59}},"21":{"start":{"line":50,"column":8},"end":{"line":50,"column":39}},"22":{"start":{"line":52,"column":24},"end":{"line":52,"column":54}},"23":{"start":{"line":53,"column":8},"end":{"line":53,"column":37}},"24":{"start":{"line":55,"column":28},"end":{"line":55,"column":49}},"25":{"start":{"line":56,"column":8},"end":{"line":56,"column":41}},"26":{"start":{"line":58,"column":8},"end":{"line":64,"column":9}},"27":{"start":{"line":59,"column":12},"end":{"line":59,"column":26}},"28":{"start":{"line":61,"column":12},"end":{"line":63,"column":15}},"29":{"start":{"line":66,"column":8},"end":{"line":68,"column":11}},"30":{"start":{"line":73,"column":0},"end":{"line":73,"column":37}}},"fnMap":{"0":{"name":"(anonymous_0)","decl":{"start":{"line":4,"column":26},"end":{"line":4,"column":27}},"loc":{"start":{"line":4,"column":52},"end":{"line":70,"column":1}},"line":4}},"branchMap":{"0":{"loc":{"start":{"line":12,"column":8},"end":{"line":19,"column":9}},"type":"if","locations":[{"start":{"line":12,"column":8},"end":{"line":19,"column":9}},{"start":{},"end":{}}],"line":12},"1":{"loc":{"start":{"line":13,"column":12},"end":{"line":16,"column":37}},"type":"binary-expr","locations":[{"start":{"line":13,"column":12},"end":{"line":13,"column":23}},{"start":{"line":13,"column":27},"end":{"line":13,"column":40}},{"start":{"line":13,"column":44},"end":{"line":13,"column":57}},{"start":{"line":14,"column":12},"end":{"line":14,"column":20}},{"start":{"line":14,"column":24},"end":{"line":14,"column":33}},{"start":{"line":15,"column":12},"end":{"line":15,"column":22}},{"start":{"line":15,"column":26},"end":{"line":15,"column":37}},{"start":{"line":16,"column":12},"end":{"line":16,"column":22}},{"start":{"line":16,"column":26},"end":{"line":16,"column":37}}],"line":13},"2":{"loc":{"start":{"line":27,"column":8},"end":{"line":29,"column":9}},"type":"if","locations":[{"start":{"line":27,"column":8},"end":{"line":29,"column":9}},{"start":{},"end":{}}],"line":27},"3":{"loc":{"start":{"line":27,"column":12},"end":{"line":27,"column":54}},"type":"binary-expr","locations":[{"start":{"line":27,"column":12},"end":{"line":27,"column":32}},{"start":{"line":27,"column":36},"end":{"line":27,"column":54}}],"line":27},"4":{"loc":{"start":{"line":45,"column":8},"end":{"line":47,"column":9}},"type":"if","locations":[{"start":{"line":45,"column":8},"end":{"line":47,"column":9}},{"start":{},"end":{}}],"line":45},"5":{"loc":{"start":{"line":58,"column":8},"end":{"line":64,"column":9}},"type":"if","locations":[{"start":{"line":58,"column":8},"end":{"line":64,"column":9}},{"start":{"line":60,"column":15},"end":{"line":64,"column":9}}],"line":58},"6":{"loc":{"start":{"line":58,"column":12},"end":{"line":58,"column":62}},"type":"binary-expr","locations":[{"start":{"line":58,"column":12},"end":{"line":58,"column":36}},{"start":{"line":58,"column":40},"end":{"line":58,"column":62}}],"line":58}},"s":{"0":5,"1":5,"2":5,"3":7,"4":7,"5":7,"6":7,"7":7,"8":7,"9":1,"10":6,"11":6,"12":6,"13":6,"14":2,"15":1,"16":4,"17":4,"18":3,"19":1,"20":2,"21":2,"22":2,"23":2,"24":2,"25":2,"26":2,"27":1,"28":1,"29":1,"30":5},"f":{"0":7},"b":{"0":[1,6],"1":[7,6,6,6,6,6,6,6,6],"2":[2,4],"3":[6,5],"4":[1,2],"5":[1,1],"6":[2,2]},"_coverageSchema":"1a1c01bbd47fc00a2c39e90264f33305004495a9","hash":"0ec857bd2e4058d0d24ddbc2684ec4ce44f29b95"}
,"G:\\ProjetoII\\ProjetoWebII\\back-end\\utils\\auth.js": {"path":"G:\\ProjetoII\\ProjetoWebII\\back-end\\utils\\auth.js","statementMap":{"0":{"start":{"line":1,"column":12},"end":{"line":1,"column":35}},"1":{"start":{"line":2,"column":0},"end":{"line":2,"column":26}},"2":{"start":{"line":4,"column":27},"end":{"line":21,"column":1}},"3":{"start":{"line":5,"column":21},"end":{"line":5,"column":49}},"4":{"start":{"line":6,"column":16},"end":{"line":6,"column":54}},"5":{"start":{"line":8,"column":2},"end":{"line":8,"column":88}},"6":{"start":{"line":8,"column":14},"end":{"line":8,"column":88}},"7":{"start":{"line":10,"column":2},"end":{"line":20,"column":5}},"8":{"start":{"line":11,"column":4},"end":{"line":13,"column":5}},"9":{"start":{"line":12,"column":6},"end":{"line":12,"column":62}},"10":{"start":{"line":15,"column":19},"end":{"line":15,"column":34}},"11":{"start":{"line":16,"column":4},"end":{"line":18,"column":5}},"12":{"start":{"line":17,"column":6},"end":{"line":17,"column":58}},"13":{"start":{"line":19,"column":4},"end":{"line":19,"column":11}},"14":{"start":{"line":23,"column":27},"end":{"line":41,"column":1}},"15":{"start":{"line":24,"column":21},"end":{"line":24,"column":49}},"16":{"start":{"line":25,"column":16},"end":{"line":25,"column":54}},"17":{"start":{"line":27,"column":2},"end":{"line":27,"column":88}},"18":{"start":{"line":27,"column":14},"end":{"line":27,"column":88}},"19":{"start":{"line":29,"column":2},"end":{"line":40,"column":5}},"20":{"start":{"line":30,"column":4},"end":{"line":32,"column":5}},"21":{"start":{"line":31,"column":6},"end":{"line":31,"column":62}},"22":{"start":{"line":34,"column":19},"end":{"line":34,"column":34}},"23":{"start":{"line":35,"column":4},"end":{"line":39,"column":5}},"24":{"start":{"line":36,"column":6},"end":{"line":36,"column":13}},"25":{"start":{"line":38,"column":6},"end":{"line":38,"column":58}},"26":{"start":{"line":43,"column":0},"end":{"line":43,"column":58}}},"fnMap":{"0":{"name":"(anonymous_0)","decl":{"start":{"line":4,"column":27},"end":{"line":4,"column":28}},"loc":{"start":{"line":4,"column":47},"end":{"line":21,"column":1}},"line":4},"1":{"name":"(anonymous_1)","decl":{"start":{"line":10,"column":44},"end":{"line":10,"column":45}},"loc":{"start":{"line":10,"column":59},"end":{"line":20,"column":3}},"line":10},"2":{"name":"(anonymous_2)","decl":{"start":{"line":23,"column":27},"end":{"line":23,"column":28}},"loc":{"start":{"line":23,"column":47},"end":{"line":41,"column":1}},"line":23},"3":{"name":"(anonymous_3)","decl":{"start":{"line":29,"column":44},"end":{"line":29,"column":45}},"loc":{"start":{"line":29,"column":59},"end":{"line":40,"column":3}},"line":29}},"branchMap":{"0":{"loc":{"start":{"line":6,"column":16},"end":{"line":6,"column":54}},"type":"binary-expr","locations":[{"start":{"line":6,"column":16},"end":{"line":6,"column":26}},{"start":{"line":6,"column":30},"end":{"line":6,"column":54}}],"line":6},"1":{"loc":{"start":{"line":8,"column":2},"end":{"line":8,"column":88}},"type":"if","locations":[{"start":{"line":8,"column":2},"end":{"line":8,"column":88}},{"start":{},"end":{}}],"line":8},"2":{"loc":{"start":{"line":11,"column":4},"end":{"line":13,"column":5}},"type":"if","locations":[{"start":{"line":11,"column":4},"end":{"line":13,"column":5}},{"start":{},"end":{}}],"line":11},"3":{"loc":{"start":{"line":11,"column":8},"end":{"line":11,"column":20}},"type":"binary-expr","locations":[{"start":{"line":11,"column":8},"end":{"line":11,"column":11}},{"start":{"line":11,"column":15},"end":{"line":11,"column":20}}],"line":11},"4":{"loc":{"start":{"line":16,"column":4},"end":{"line":18,"column":5}},"type":"if","locations":[{"start":{"line":16,"column":4},"end":{"line":18,"column":5}},{"start":{},"end":{}}],"line":16},"5":{"loc":{"start":{"line":25,"column":16},"end":{"line":25,"column":54}},"type":"binary-expr","locations":[{"start":{"line":25,"column":16},"end":{"line":25,"column":26}},{"start":{"line":25,"column":30},"end":{"line":25,"column":54}}],"line":25},"6":{"loc":{"start":{"line":27,"column":2},"end":{"line":27,"column":88}},"type":"if","locations":[{"start":{"line":27,"column":2},"end":{"line":27,"column":88}},{"start":{},"end":{}}],"line":27},"7":{"loc":{"start":{"line":30,"column":4},"end":{"line":32,"column":5}},"type":"if","locations":[{"start":{"line":30,"column":4},"end":{"line":32,"column":5}},{"start":{},"end":{}}],"line":30},"8":{"loc":{"start":{"line":30,"column":7},"end":{"line":30,"column":19}},"type":"binary-expr","locations":[{"start":{"line":30,"column":7},"end":{"line":30,"column":10}},{"start":{"line":30,"column":14},"end":{"line":30,"column":19}}],"line":30},"9":{"loc":{"start":{"line":35,"column":4},"end":{"line":39,"column":5}},"type":"if","locations":[{"start":{"line":35,"column":4},"end":{"line":39,"column":5}},{"start":{"line":37,"column":11},"end":{"line":39,"column":5}}],"line":35}},"s":{"0":5,"1":5,"2":5,"3":4,"4":4,"5":4,"6":1,"7":3,"8":3,"9":1,"10":2,"11":0,"12":0,"13":0,"14":5,"15":4,"16":4,"17":4,"18":1,"19":3,"20":3,"21":1,"22":2,"23":0,"24":0,"25":0,"26":5},"f":{"0":4,"1":3,"2":4,"3":3},"b":{"0":[4,3],"1":[1,3],"2":[1,2],"3":[3,2],"4":[0,0],"5":[4,3],"6":[1,3],"7":[1,2],"8":[3,2],"9":[0,0]},"_coverageSchema":"1a1c01bbd47fc00a2c39e90264f33305004495a9","hash":"842d232a86f01649bc1058d37c44022292375843"}
,"G:\\ProjetoII\\ProjetoWebII\\back-end\\utils\\error.js": {"path":"G:\\ProjetoII\\ProjetoWebII\\back-end\\utils\\error.js","statementMap":{"0":{"start":{"line":4,"column":6},"end":{"line":4,"column":14}},"1":{"start":{"line":5,"column":6},"end":{"line":5,"column":35}},"2":{"start":{"line":6,"column":6},"end":{"line":6,"column":29}},"3":{"start":{"line":9,"column":2},"end":{"line":11,"column":3}}},"fnMap":{"0":{"name":"(anonymous_0)","decl":{"start":{"line":3,"column":4},"end":{"line":3,"column":5}},"loc":{"start":{"line":3,"column":37},"end":{"line":7,"column":5}},"line":3}},"branchMap":{},"s":{"0":22,"1":22,"2":22,"3":10},"f":{"0":22},"b":{},"_coverageSchema":"1a1c01bbd47fc00a2c39e90264f33305004495a9","hash":"b8d1f6a86a0f2d4ae45033fad1a72159fe586f8e"}
,"G:\\ProjetoII\\ProjetoWebII\\back-end\\utils\\validateDateMiddleware.js": {"path":"G:\\ProjetoII\\ProjetoWebII\\back-end\\utils\\validateDateMiddleware.js","statementMap":{"0":{"start":{"line":1,"column":29},"end":{"line":32,"column":1}},"1":{"start":{"line":2,"column":20},"end":{"line":2,"column":39}},"2":{"start":{"line":3,"column":21},"end":{"line":3,"column":37}},"3":{"start":{"line":5,"column":2},"end":{"line":10,"column":3}},"4":{"start":{"line":6,"column":4},"end":{"line":6,"column":75}},"5":{"start":{"line":8,"column":7},"end":{"line":10,"column":3}},"6":{"start":{"line":9,"column":4},"end":{"line":9,"column":73}},"7":{"start":{"line":12,"column":16},"end":{"line":12,"column":26}},"8":{"start":{"line":13,"column":2},"end":{"line":13,"column":29}},"9":{"start":{"line":14,"column":16},"end":{"line":14,"column":35}},"10":{"start":{"line":15,"column":2},"end":{"line":15,"column":29}},"11":{"start":{"line":16,"column":17},"end":{"line":16,"column":37}},"12":{"start":{"line":17,"column":2},"end":{"line":17,"column":30}},"13":{"start":{"line":19,"column":2},"end":{"line":21,"column":3}},"14":{"start":{"line":20,"column":4},"end":{"line":20,"column":83}},"15":{"start":{"line":23,"column":2},"end":{"line":25,"column":3}},"16":{"start":{"line":24,"column":4},"end":{"line":24,"column":89}},"17":{"start":{"line":27,"column":2},"end":{"line":29,"column":3}},"18":{"start":{"line":28,"column":4},"end":{"line":28,"column":100}},"19":{"start":{"line":31,"column":2},"end":{"line":31,"column":9}},"20":{"start":{"line":34,"column":0},"end":{"line":34,"column":39}}},"fnMap":{"0":{"name":"(anonymous_0)","decl":{"start":{"line":1,"column":29},"end":{"line":1,"column":30}},"loc":{"start":{"line":1,"column":49},"end":{"line":32,"column":1}},"line":1}},"branchMap":{"0":{"loc":{"start":{"line":5,"column":2},"end":{"line":10,"column":3}},"type":"if","locations":[{"start":{"line":5,"column":2},"end":{"line":10,"column":3}},{"start":{"line":8,"column":7},"end":{"line":10,"column":3}}],"line":5},"1":{"loc":{"start":{"line":8,"column":7},"end":{"line":10,"column":3}},"type":"if","locations":[{"start":{"line":8,"column":7},"end":{"line":10,"column":3}},{"start":{},"end":{}}],"line":8},"2":{"loc":{"start":{"line":19,"column":2},"end":{"line":21,"column":3}},"type":"if","locations":[{"start":{"line":19,"column":2},"end":{"line":21,"column":3}},{"start":{},"end":{}}],"line":19},"3":{"loc":{"start":{"line":23,"column":2},"end":{"line":25,"column":3}},"type":"if","locations":[{"start":{"line":23,"column":2},"end":{"line":25,"column":3}},{"start":{},"end":{}}],"line":23},"4":{"loc":{"start":{"line":27,"column":2},"end":{"line":29,"column":3}},"type":"if","locations":[{"start":{"line":27,"column":2},"end":{"line":29,"column":3}},{"start":{},"end":{}}],"line":27}},"s":{"0":5,"1":6,"2":6,"3":6,"4":1,"5":5,"6":1,"7":4,"8":4,"9":4,"10":4,"11":4,"12":4,"13":4,"14":1,"15":3,"16":1,"17":2,"18":1,"19":1,"20":5},"f":{"0":6},"b":{"0":[1,5],"1":[1,4],"2":[1,3],"3":[1,2],"4":[1,1]},"_coverageSchema":"1a1c01bbd47fc00a2c39e90264f33305004495a9","hash":"17390180f93142ba2b430bf6b6062e81cb70b766"}
}
