TN:
SF:controllers\areaTematicsControllers.js
FN:7,(anonymous_0)
FN:20,(anonymous_1)
FN:33,(anonymous_2)
FN:45,(anonymous_3)
FN:54,(anonymous_4)
FN:68,(anonymous_5)
FNF:6
FNH:0
FNDA:0,(anonymous_0)
FNDA:0,(anonymous_1)
FNDA:0,(anonymous_2)
FNDA:0,(anonymous_3)
FNDA:0,(anonymous_4)
FNDA:0,(anonymous_5)
DA:1,0
DA:2,0
DA:3,0
DA:5,0
DA:7,0
DA:8,0
DA:9,0
DA:12,0
DA:13,0
DA:15,0
DA:17,0
DA:20,0
DA:21,0
DA:22,0
DA:23,0
DA:24,0
DA:25,0
DA:27,0
DA:29,0
DA:33,0
DA:34,0
DA:35,0
DA:36,0
DA:42,0
DA:43,0
DA:45,0
DA:46,0
DA:50,0
DA:54,0
DA:55,0
DA:56,0
DA:57,0
DA:60,0
DA:64,0
DA:68,0
DA:69,0
DA:70,0
DA:71,0
DA:72,0
DA:73,0
DA:75,0
DA:76,0
DA:79,0
DA:80,0
DA:84,0
DA:88,0
LF:46
LH:0
BRDA:12,0,0,0
BRDA:12,0,1,0
BRDA:24,1,0,0
BRDA:24,1,1,0
BRDA:42,2,0,0
BRDA:42,2,1,0
BRDA:72,3,0,0
BRDA:72,3,1,0
BRDA:75,4,0,0
BRDA:75,4,1,0
BRF:10
BRH:0
end_of_record
TN:
SF:controllers\atividadeControllers.js
FN:8,(anonymous_0)
FN:22,(anonymous_1)
FN:34,(anonymous_2)
FN:50,(anonymous_3)
FN:75,(anonymous_4)
FN:95,(anonymous_5)
FNF:6
FNH:0
FNDA:0,(anonymous_0)
FNDA:0,(anonymous_1)
FNDA:0,(anonymous_2)
FNDA:0,(anonymous_3)
FNDA:0,(anonymous_4)
FNDA:0,(anonymous_5)
DA:1,0
DA:2,0
DA:3,0
DA:6,0
DA:8,0
DA:9,0
DA:10,0
DA:13,0
DA:14,0
DA:16,0
DA:18,0
DA:22,0
DA:23,0
DA:24,0
DA:25,0
DA:26,0
DA:27,0
DA:31,0
DA:34,0
DA:35,0
DA:36,0
DA:37,0
DA:42,0
DA:46,0
DA:50,0
DA:51,0
DA:52,0
DA:53,0
DA:54,0
DA:55,0
DA:60,0
DA:61,0
DA:63,0
DA:64,0
DA:66,0
DA:71,0
DA:75,0
DA:76,0
DA:77,0
DA:78,0
DA:84,0
DA:85,0
DA:87,0
DA:91,0
DA:95,0
DA:96,0
DA:97,0
DA:98,0
DA:104,0
DA:105,0
DA:108,0
DA:110,0
DA:114,0
LF:53
LH:0
BRDA:13,0,0,0
BRDA:13,0,1,0
BRDA:13,1,0,0
BRDA:13,1,1,0
BRDA:60,2,0,0
BRDA:60,2,1,0
BRDA:84,3,0,0
BRDA:84,3,1,0
BRDA:104,4,0,0
BRDA:104,4,1,0
BRF:10
BRH:0
end_of_record
TN:
SF:controllers\inscricaoVoluntariado.controllers.js
FN:8,(anonymous_0)
FN:25,(anonymous_1)
FN:60,(anonymous_2)
FN:98,(anonymous_3)
FN:126,(anonymous_4)
FN:129,(anonymous_5)
FNF:6
FNH:0
FNDA:0,(anonymous_0)
FNDA:0,(anonymous_1)
FNDA:0,(anonymous_2)
FNDA:0,(anonymous_3)
FNDA:0,(anonymous_4)
FNDA:0,(anonymous_5)
DA:1,0
DA:2,0
DA:3,0
DA:4,0
DA:6,0
DA:8,0
DA:9,0
DA:10,0
DA:11,0
DA:12,0
DA:18,0
DA:20,0
DA:25,0
DA:26,0
DA:27,0
DA:28,0
DA:29,0
DA:30,0
DA:36,0
DA:37,0
DA:39,0
DA:45,0
DA:46,0
DA:47,0
DA:48,0
DA:49,0
DA:53,0
DA:56,0
DA:60,0
DA:61,0
DA:62,0
DA:63,0
DA:64,0
DA:71,0
DA:72,0
DA:74,0
DA:80,0
DA:86,0
DA:87,0
DA:88,0
DA:92,0
DA:98,0
DA:99,0
DA:100,0
DA:101,0
DA:102,0
DA:109,0
DA:110,0
DA:113,0
DA:114,0
DA:116,0
DA:122,0
DA:126,0
DA:127,0
DA:130,0
DA:131,0
DA:132,0
DA:135,0
DA:136,0
DA:142,0
DA:143,0
DA:146,0
DA:148,0
DA:149,0
DA:155,0
DA:156,0
DA:158,0
DA:160,0
DA:164,0
LF:69
LH:0
BRDA:36,0,0,0
BRDA:36,0,1,0
BRDA:45,1,0,0
BRDA:45,1,1,0
BRDA:71,2,0,0
BRDA:71,2,1,0
BRDA:71,3,0,0
BRDA:71,3,1,0
BRDA:109,4,0,0
BRDA:109,4,1,0
BRDA:142,5,0,0
BRDA:142,5,1,0
BRDA:142,6,0,0
BRDA:142,6,1,0
BRF:14
BRH:0
end_of_record
TN:
SF:controllers\schoolControllers.js
FN:6,(anonymous_0)
FN:19,(anonymous_1)
FN:32,(anonymous_2)
FNF:3
FNH:0
FNDA:0,(anonymous_0)
FNDA:0,(anonymous_1)
FNDA:0,(anonymous_2)
DA:1,0
DA:2,0
DA:4,0
DA:6,0
DA:7,0
DA:8,0
DA:9,0
DA:10,0
DA:12,0
DA:14,0
DA:19,0
DA:20,0
DA:21,0
DA:22,0
DA:23,0
DA:24,0
DA:28,0
DA:32,0
DA:33,0
DA:34,0
DA:35,0
DA:40,0
DA:44,0
DA:49,0
LF:24
LH:0
BRDA:9,0,0,0
BRDA:9,0,1,0
BRDA:9,1,0,0
BRDA:9,1,1,0
BRF:4
BRH:0
end_of_record
TN:
SF:controllers\sessaoControllers.js
FN:8,(anonymous_0)
FN:10,(anonymous_1)
FN:27,(anonymous_2)
FN:45,(anonymous_3)
FN:52,(anonymous_4)
FN:69,(anonymous_5)
FN:86,(anonymous_6)
FN:95,(anonymous_7)
FNF:8
FNH:0
FNDA:0,(anonymous_0)
FNDA:0,(anonymous_1)
FNDA:0,(anonymous_2)
FNDA:0,(anonymous_3)
FNDA:0,(anonymous_4)
FNDA:0,(anonymous_5)
FNDA:0,(anonymous_6)
FNDA:0,(anonymous_7)
DA:1,0
DA:2,0
DA:3,0
DA:6,0
DA:8,0
DA:11,0
DA:12,0
DA:13,0
DA:14,0
DA:15,0
DA:18,0
DA:19,0
DA:22,0
DA:23,0
DA:25,0
DA:26,0
DA:27,0
DA:28,0
DA:33,0
DA:34,0
DA:35,0
DA:36,0
DA:37,0
DA:41,0
DA:45,0
DA:46,0
DA:47,0
DA:49,0
DA:50,0
DA:51,0
DA:52,0
DA:53,0
DA:54,0
DA:55,0
DA:56,0
DA:61,0
DA:62,0
DA:65,0
DA:69,0
DA:70,0
DA:71,0
DA:72,0
DA:78,0
DA:82,0
DA:86,0
DA:87,0
DA:88,0
DA:89,0
DA:95,0
DA:96,0
DA:100,0
DA:106,0
LF:52
LH:0
BRDA:22,0,0,0
BRDA:22,0,1,0
BRDA:36,1,0,0
BRDA:36,1,1,0
BRDA:53,2,0,0
BRDA:53,2,1,0
BRDA:61,3,0,0
BRDA:61,3,1,0
BRF:8
BRH:0
end_of_record
TN:
SF:controllers\usersControllers.js
FN:11,(anonymous_0)
FN:32,(anonymous_1)
FN:39,(anonymous_2)
FN:52,(anonymous_3)
FN:66,(anonymous_4)
FN:114,(anonymous_5)
FNF:6
FNH:0
FNDA:0,(anonymous_0)
FNDA:0,(anonymous_1)
FNDA:0,(anonymous_2)
FNDA:0,(anonymous_3)
FNDA:0,(anonymous_4)
FNDA:0,(anonymous_5)
DA:1,0
DA:2,0
DA:3,0
DA:4,0
DA:5,0
DA:6,0
DA:9,0
DA:11,0
DA:12,0
DA:13,0
DA:14,0
DA:20,0
DA:21,0
DA:23,0
DA:29,0
DA:30,0
DA:32,0
DA:33,0
DA:35,0
DA:39,0
DA:40,0
DA:41,0
DA:42,0
DA:43,0
DA:46,0
DA:48,0
DA:52,0
DA:53,0
DA:54,0
DA:55,0
DA:60,0
DA:62,0
DA:66,0
DA:67,0
DA:68,0
DA:69,0
DA:74,0
DA:75,0
DA:77,0
DA:78,0
DA:79,0
DA:80,0
DA:84,0
DA:85,0
DA:87,0
DA:91,0
DA:93,0
DA:97,0
DA:99,0
DA:103,0
DA:106,0
DA:110,0
DA:114,0
DA:115,0
DA:116,0
DA:117,0
DA:118,0
DA:119,0
DA:120,0
DA:125,0
DA:129,0
LF:61
LH:0
BRDA:20,0,0,0
BRDA:20,0,1,0
BRDA:29,1,0,0
BRDA:29,1,1,0
BRDA:42,2,0,0
BRDA:42,2,1,0
BRDA:74,3,0,0
BRDA:74,3,1,0
BRDA:78,4,0,0
BRDA:78,4,1,0
BRDA:85,5,0,0
BRDA:85,5,1,0
BRDA:85,5,2,0
BRF:13
BRH:0
end_of_record
TN:
SF:routes\Area.routes.js
FNF:0
FNH:0
DA:1,0
DA:2,0
DA:3,0
DA:5,0
DA:7,0
DA:8,0
DA:9,0
DA:10,0
DA:11,0
DA:14,0
LF:10
LH:0
BRF:0
BRH:0
end_of_record
TN:
SF:routes\Session.routes.js
FNF:0
FNH:0
DA:1,0
DA:2,0
DA:3,0
DA:4,0
DA:5,0
DA:7,0
DA:8,0
DA:10,0
DA:11,0
DA:12,0
DA:13,0
DA:14,0
DA:16,0
LF:13
LH:0
BRF:0
BRH:0
end_of_record
TN:
SF:routes\atividade.routes.js
FNF:0
FNH:0
DA:1,0
DA:2,0
DA:3,0
DA:4,0
DA:6,0
DA:8,0
DA:9,0
DA:10,0
DA:11,0
DA:12,0
DA:13,0
DA:15,0
LF:12
LH:0
BRF:0
BRH:0
end_of_record
TN:
SF:routes\school.routes.js
FNF:0
FNH:0
DA:1,0
DA:2,0
DA:3,0
DA:4,0
DA:6,0
DA:8,0
DA:9,0
DA:10,0
DA:12,0
LF:9
LH:0
BRF:0
BRH:0
end_of_record
TN:
SF:routes\users.routes.js
FNF:0
FNH:0
DA:1,0
DA:2,0
DA:3,0
DA:4,0
DA:6,0
DA:7,0
DA:10,0
DA:11,0
DA:12,0
DA:13,0
DA:14,0
DA:15,0
DA:16,0
DA:17,0
DA:18,0
DA:20,0
LF:16
LH:0
BRF:0
BRH:0
end_of_record
