{"G:\\ProjetoII\\ProjetoWebII\\back-end\\controllers\\atividadeControllers.js": {"path":"G:\\ProjetoII\\ProjetoWebII\\back-end\\controllers\\atividadeControllers.js","statementMap":{"0":{"start":{"line":1,"column":11},"end":{"line":1,"column":42}},"1":{"start":{"line":2,"column":18},"end":{"line":2,"column":30}},"2":{"start":{"line":3,"column":15},"end":{"line":3,"column":24}},"3":{"start":{"line":6,"column":25},"end":{"line":6,"column":53}},"4":{"start":{"line":8,"column":23},"end":{"line":20,"column":1}},"5":{"start":{"line":9,"column":4},"end":{"line":19,"column":5}},"6":{"start":{"line":10,"column":27},"end":{"line":12,"column":10}},"7":{"start":{"line":13,"column":8},"end":{"line":15,"column":9}},"8":{"start":{"line":14,"column":12},"end":{"line":14,"column":65}},"9":{"start":{"line":16,"column":8},"end":{"line":16,"column":48}},"10":{"start":{"line":18,"column":8},"end":{"line":18,"column":18}},"11":{"start":{"line":22,"column":19},"end":{"line":33,"column":1}},"12":{"start":{"line":23,"column":51},"end":{"line":23,"column":59}},"13":{"start":{"line":24,"column":19},"end":{"line":24,"column":57}},"14":{"start":{"line":25,"column":4},"end":{"line":32,"column":5}},"15":{"start":{"line":26,"column":8},"end":{"line":26,"column":39}},"16":{"start":{"line":27,"column":8},"end":{"line":29,"column":11}},"17":{"start":{"line":31,"column":8},"end":{"line":31,"column":17}},"18":{"start":{"line":34,"column":22},"end":{"line":49,"column":1}},"19":{"start":{"line":35,"column":27},"end":{"line":35,"column":35}},"20":{"start":{"line":36,"column":4},"end":{"line":36,"column":29}},"21":{"start":{"line":37,"column":4},"end":{"line":48,"column":5}},"22":{"start":{"line":38,"column":8},"end":{"line":42,"column":10}},"23":{"start":{"line":43,"column":8},"end":{"line":45,"column":10}},"24":{"start":{"line":47,"column":8},"end":{"line":47,"column":17}},"25":{"start":{"line":51,"column":20},"end":{"line":74,"column":1}},"26":{"start":{"line":52,"column":25},"end":{"line":52,"column":48}},"27":{"start":{"line":53,"column":21},"end":{"line":53,"column":29}},"28":{"start":{"line":54,"column":20},"end":{"line":54,"column":28}},"29":{"start":{"line":55,"column":4},"end":{"line":73,"column":5}},"30":{"start":{"line":56,"column":27},"end":{"line":60,"column":10}},"31":{"start":{"line":61,"column":8},"end":{"line":63,"column":9}},"32":{"start":{"line":62,"column":12},"end":{"line":62,"column":83}},"33":{"start":{"line":64,"column":8},"end":{"line":64,"column":42}},"34":{"start":{"line":65,"column":8},"end":{"line":65,"column":31}},"35":{"start":{"line":67,"column":8},"end":{"line":70,"column":11}},"36":{"start":{"line":72,"column":8},"end":{"line":72,"column":17}},"37":{"start":{"line":76,"column":27},"end":{"line":94,"column":1}},"38":{"start":{"line":77,"column":27},"end":{"line":77,"column":40}},"39":{"start":{"line":78,"column":4},"end":{"line":93,"column":5}},"40":{"start":{"line":79,"column":25},"end":{"line":84,"column":10}},"41":{"start":{"line":85,"column":8},"end":{"line":87,"column":9}},"42":{"start":{"line":86,"column":12},"end":{"line":86,"column":88}},"43":{"start":{"line":88,"column":8},"end":{"line":90,"column":11}},"44":{"start":{"line":92,"column":8},"end":{"line":92,"column":17}},"45":{"start":{"line":96,"column":0},"end":{"line":102,"column":1}}},"fnMap":{"0":{"name":"(anonymous_0)","decl":{"start":{"line":8,"column":23},"end":{"line":8,"column":24}},"loc":{"start":{"line":8,"column":49},"end":{"line":20,"column":1}},"line":8},"1":{"name":"(anonymous_1)","decl":{"start":{"line":22,"column":19},"end":{"line":22,"column":20}},"loc":{"start":{"line":22,"column":45},"end":{"line":33,"column":1}},"line":22},"2":{"name":"(anonymous_2)","decl":{"start":{"line":34,"column":22},"end":{"line":34,"column":23}},"loc":{"start":{"line":34,"column":48},"end":{"line":49,"column":1}},"line":34},"3":{"name":"(anonymous_3)","decl":{"start":{"line":51,"column":20},"end":{"line":51,"column":21}},"loc":{"start":{"line":51,"column":46},"end":{"line":74,"column":1}},"line":51},"4":{"name":"(anonymous_4)","decl":{"start":{"line":76,"column":27},"end":{"line":76,"column":28}},"loc":{"start":{"line":76,"column":53},"end":{"line":94,"column":1}},"line":76}},"branchMap":{"0":{"loc":{"start":{"line":13,"column":8},"end":{"line":15,"column":9}},"type":"if","locations":[{"start":{"line":13,"column":8},"end":{"line":15,"column":9}},{"start":{},"end":{}}],"line":13},"1":{"loc":{"start":{"line":13,"column":11},"end":{"line":13,"column":49}},"type":"binary-expr","locations":[{"start":{"line":13,"column":11},"end":{"line":13,"column":22}},{"start":{"line":13,"column":26},"end":{"line":13,"column":49}}],"line":13},"2":{"loc":{"start":{"line":61,"column":8},"end":{"line":63,"column":9}},"type":"if","locations":[{"start":{"line":61,"column":8},"end":{"line":63,"column":9}},{"start":{},"end":{}}],"line":61},"3":{"loc":{"start":{"line":85,"column":8},"end":{"line":87,"column":9}},"type":"if","locations":[{"start":{"line":85,"column":8},"end":{"line":87,"column":9}},{"start":{},"end":{}}],"line":85}},"s":{"0":1,"1":1,"2":1,"3":1,"4":1,"5":2,"6":2,"7":2,"8":1,"9":1,"10":1,"11":1,"12":1,"13":1,"14":1,"15":1,"16":1,"17":0,"18":1,"19":1,"20":1,"21":1,"22":1,"23":1,"24":0,"25":1,"26":2,"27":2,"28":2,"29":2,"30":2,"31":2,"32":0,"33":2,"34":1,"35":1,"36":1,"37":1,"38":2,"39":2,"40":2,"41":2,"42":0,"43":2,"44":0,"45":1},"f":{"0":2,"1":1,"2":1,"3":2,"4":2},"b":{"0":[1,1],"1":[2,2],"2":[0,2],"3":[0,2]},"_coverageSchema":"1a1c01bbd47fc00a2c39e90264f33305004495a9","hash":"e03c18a4c1fdd86375e574ef95b2c056fd8816e0"}
,"G:\\ProjetoII\\ProjetoWebII\\back-end\\controllers\\schoolControllers.js": {"path":"G:\\ProjetoII\\ProjetoWebII\\back-end\\controllers\\schoolControllers.js","statementMap":{"0":{"start":{"line":1,"column":11},"end":{"line":1,"column":39}},"1":{"start":{"line":2,"column":15},"end":{"line":2,"column":24}},"2":{"start":{"line":4,"column":23},"end":{"line":4,"column":48}},"3":{"start":{"line":6,"column":19},"end":{"line":21,"column":1}},"4":{"start":{"line":7,"column":4},"end":{"line":20,"column":5}},"5":{"start":{"line":8,"column":24},"end":{"line":10,"column":10}},"6":{"start":{"line":11,"column":8},"end":{"line":13,"column":9}},"7":{"start":{"line":12,"column":12},"end":{"line":12,"column":74}},"8":{"start":{"line":14,"column":29},"end":{"line":14,"column":79}},"9":{"start":{"line":14,"column":51},"end":{"line":14,"column":78}},"10":{"start":{"line":15,"column":8},"end":{"line":17,"column":10}},"11":{"start":{"line":19,"column":8},"end":{"line":19,"column":18}},"12":{"start":{"line":23,"column":16},"end":{"line":35,"column":1}},"13":{"start":{"line":24,"column":87},"end":{"line":24,"column":95}},"14":{"start":{"line":25,"column":18},"end":{"line":25,"column":94}},"15":{"start":{"line":26,"column":4},"end":{"line":26,"column":24}},"16":{"start":{"line":27,"column":4},"end":{"line":34,"column":5}},"17":{"start":{"line":28,"column":4},"end":{"line":28,"column":33}},"18":{"start":{"line":29,"column":8},"end":{"line":31,"column":10}},"19":{"start":{"line":33,"column":8},"end":{"line":33,"column":17}},"20":{"start":{"line":37,"column":19},"end":{"line":51,"column":1}},"21":{"start":{"line":38,"column":20},"end":{"line":38,"column":33}},"22":{"start":{"line":39,"column":4},"end":{"line":50,"column":5}},"23":{"start":{"line":40,"column":8},"end":{"line":44,"column":10}},"24":{"start":{"line":45,"column":8},"end":{"line":47,"column":10}},"25":{"start":{"line":49,"column":8},"end":{"line":49,"column":17}},"26":{"start":{"line":54,"column":0},"end":{"line":58,"column":1}}},"fnMap":{"0":{"name":"(anonymous_0)","decl":{"start":{"line":6,"column":19},"end":{"line":6,"column":20}},"loc":{"start":{"line":6,"column":44},"end":{"line":21,"column":1}},"line":6},"1":{"name":"(anonymous_1)","decl":{"start":{"line":14,"column":41},"end":{"line":14,"column":42}},"loc":{"start":{"line":14,"column":51},"end":{"line":14,"column":78}},"line":14},"2":{"name":"(anonymous_2)","decl":{"start":{"line":23,"column":16},"end":{"line":23,"column":17}},"loc":{"start":{"line":23,"column":42},"end":{"line":35,"column":1}},"line":23},"3":{"name":"(anonymous_3)","decl":{"start":{"line":37,"column":19},"end":{"line":37,"column":20}},"loc":{"start":{"line":37,"column":45},"end":{"line":51,"column":1}},"line":37}},"branchMap":{"0":{"loc":{"start":{"line":11,"column":8},"end":{"line":13,"column":9}},"type":"if","locations":[{"start":{"line":11,"column":8},"end":{"line":13,"column":9}},{"start":{},"end":{}}],"line":11}},"s":{"0":1,"1":1,"2":1,"3":1,"4":3,"5":3,"6":2,"7":1,"8":1,"9":2,"10":1,"11":1,"12":1,"13":2,"14":2,"15":2,"16":2,"17":2,"18":1,"19":1,"20":1,"21":2,"22":2,"23":2,"24":1,"25":1,"26":1},"f":{"0":3,"1":2,"2":2,"3":2},"b":{"0":[1,1]},"_coverageSchema":"1a1c01bbd47fc00a2c39e90264f33305004495a9","hash":"52aa12264283bb2ad6bf367d7b23e212a8346fa0"}
,"G:\\ProjetoII\\ProjetoWebII\\back-end\\controllers\\sessaoControllers.js": {"path":"G:\\ProjetoII\\ProjetoWebII\\back-end\\controllers\\sessaoControllers.js","statementMap":{"0":{"start":{"line":1,"column":11},"end":{"line":1,"column":42}},"1":{"start":{"line":2,"column":15},"end":{"line":2,"column":24}},"2":{"start":{"line":3,"column":18},"end":{"line":3,"column":30}},"3":{"start":{"line":6,"column":25},"end":{"line":6,"column":53}},"4":{"start":{"line":8,"column":21},"end":{"line":23,"column":1}},"5":{"start":{"line":9,"column":4},"end":{"line":22,"column":5}},"6":{"start":{"line":10,"column":25},"end":{"line":12,"column":10}},"7":{"start":{"line":13,"column":8},"end":{"line":15,"column":9}},"8":{"start":{"line":14,"column":12},"end":{"line":14,"column":73}},"9":{"start":{"line":16,"column":30},"end":{"line":16,"column":83}},"10":{"start":{"line":16,"column":54},"end":{"line":16,"column":82}},"11":{"start":{"line":17,"column":8},"end":{"line":19,"column":10}},"12":{"start":{"line":21,"column":8},"end":{"line":21,"column":17}},"13":{"start":{"line":25,"column":16},"end":{"line":49,"column":1}},"14":{"start":{"line":26,"column":50},"end":{"line":26,"column":58}},"15":{"start":{"line":27,"column":18},"end":{"line":27,"column":51}},"16":{"start":{"line":28,"column":16},"end":{"line":28,"column":22}},"17":{"start":{"line":29,"column":4},"end":{"line":48,"column":5}},"18":{"start":{"line":30,"column":26},"end":{"line":35,"column":10}},"19":{"start":{"line":36,"column":8},"end":{"line":38,"column":9}},"20":{"start":{"line":37,"column":12},"end":{"line":37,"column":103}},"21":{"start":{"line":39,"column":27},"end":{"line":39,"column":60}},"22":{"start":{"line":40,"column":8},"end":{"line":40,"column":65}},"23":{"start":{"line":41,"column":8},"end":{"line":41,"column":28}},"24":{"start":{"line":42,"column":8},"end":{"line":42,"column":37}},"25":{"start":{"line":43,"column":8},"end":{"line":45,"column":10}},"26":{"start":{"line":47,"column":8},"end":{"line":47,"column":17}},"27":{"start":{"line":51,"column":19},"end":{"line":66,"column":1}},"28":{"start":{"line":52,"column":22},"end":{"line":52,"column":35}},"29":{"start":{"line":53,"column":4},"end":{"line":65,"column":5}},"30":{"start":{"line":54,"column":8},"end":{"line":59,"column":10}},"31":{"start":{"line":60,"column":7},"end":{"line":62,"column":9}},"32":{"start":{"line":64,"column":8},"end":{"line":64,"column":17}},"33":{"start":{"line":68,"column":23},"end":{"line":85,"column":1}},"34":{"start":{"line":69,"column":28},"end":{"line":69,"column":36}},"35":{"start":{"line":70,"column":4},"end":{"line":84,"column":5}},"36":{"start":{"line":71,"column":23},"end":{"line":76,"column":10}},"37":{"start":{"line":77,"column":30},"end":{"line":77,"column":83}},"38":{"start":{"line":77,"column":54},"end":{"line":77,"column":82}},"39":{"start":{"line":78,"column":8},"end":{"line":78,"column":34}},"40":{"start":{"line":79,"column":8},"end":{"line":81,"column":10}},"41":{"start":{"line":83,"column":8},"end":{"line":83,"column":17}},"42":{"start":{"line":89,"column":0},"end":{"line":94,"column":1}}},"fnMap":{"0":{"name":"(anonymous_0)","decl":{"start":{"line":8,"column":21},"end":{"line":8,"column":22}},"loc":{"start":{"line":8,"column":47},"end":{"line":23,"column":1}},"line":8},"1":{"name":"(anonymous_1)","decl":{"start":{"line":16,"column":43},"end":{"line":16,"column":44}},"loc":{"start":{"line":16,"column":54},"end":{"line":16,"column":82}},"line":16},"2":{"name":"(anonymous_2)","decl":{"start":{"line":25,"column":16},"end":{"line":25,"column":17}},"loc":{"start":{"line":25,"column":41},"end":{"line":49,"column":1}},"line":25},"3":{"name":"(anonymous_3)","decl":{"start":{"line":51,"column":19},"end":{"line":51,"column":20}},"loc":{"start":{"line":51,"column":45},"end":{"line":66,"column":1}},"line":51},"4":{"name":"(anonymous_4)","decl":{"start":{"line":68,"column":23},"end":{"line":68,"column":24}},"loc":{"start":{"line":68,"column":49},"end":{"line":85,"column":1}},"line":68},"5":{"name":"(anonymous_5)","decl":{"start":{"line":77,"column":43},"end":{"line":77,"column":44}},"loc":{"start":{"line":77,"column":54},"end":{"line":77,"column":82}},"line":77}},"branchMap":{"0":{"loc":{"start":{"line":13,"column":8},"end":{"line":15,"column":9}},"type":"if","locations":[{"start":{"line":13,"column":8},"end":{"line":15,"column":9}},{"start":{},"end":{}}],"line":13},"1":{"loc":{"start":{"line":36,"column":8},"end":{"line":38,"column":9}},"type":"if","locations":[{"start":{"line":36,"column":8},"end":{"line":38,"column":9}},{"start":{},"end":{}}],"line":36}},"s":{"0":1,"1":1,"2":1,"3":1,"4":1,"5":2,"6":2,"7":2,"8":1,"9":1,"10":2,"11":1,"12":1,"13":1,"14":3,"15":3,"16":3,"17":3,"18":3,"19":3,"20":1,"21":2,"22":2,"23":2,"24":2,"25":1,"26":2,"27":1,"28":2,"29":2,"30":2,"31":1,"32":1,"33":1,"34":2,"35":2,"36":2,"37":1,"38":1,"39":1,"40":1,"41":1,"42":1},"f":{"0":2,"1":2,"2":3,"3":2,"4":2,"5":1},"b":{"0":[1,1],"1":[1,2]},"_coverageSchema":"1a1c01bbd47fc00a2c39e90264f33305004495a9","hash":"5952187d46baf1becfb14ea547c479b123079cf5"}
,"G:\\ProjetoII\\ProjetoWebII\\back-end\\controllers\\usersControllers.js": {"path":"G:\\ProjetoII\\ProjetoWebII\\back-end\\controllers\\usersControllers.js","statementMap":{"0":{"start":{"line":1,"column":10},"end":{"line":1,"column":28}},"1":{"start":{"line":2,"column":12},"end":{"line":2,"column":35}},"2":{"start":{"line":3,"column":11},"end":{"line":3,"column":42}},"3":{"start":{"line":4,"column":0},"end":{"line":4,"column":27}},"4":{"start":{"line":5,"column":13},"end":{"line":5,"column":26}},"5":{"start":{"line":6,"column":15},"end":{"line":6,"column":24}},"6":{"start":{"line":7,"column":24},"end":{"line":7,"column":42}},"7":{"start":{"line":10,"column":25},"end":{"line":10,"column":53}},"8":{"start":{"line":12,"column":31},"end":{"line":39,"column":1}},"9":{"start":{"line":13,"column":20},"end":{"line":13,"column":33}},"10":{"start":{"line":14,"column":4},"end":{"line":14,"column":24}},"11":{"start":{"line":15,"column":4},"end":{"line":38,"column":5}},"12":{"start":{"line":16,"column":25},"end":{"line":21,"column":10}},"13":{"start":{"line":22,"column":8},"end":{"line":24,"column":9}},"14":{"start":{"line":23,"column":12},"end":{"line":23,"column":68}},"15":{"start":{"line":25,"column":30},"end":{"line":30,"column":10}},"16":{"start":{"line":31,"column":8},"end":{"line":33,"column":9}},"17":{"start":{"line":32,"column":12},"end":{"line":32,"column":86}},"18":{"start":{"line":34,"column":30},"end":{"line":34,"column":85}},"19":{"start":{"line":34,"column":60},"end":{"line":34,"column":84}},"20":{"start":{"line":35,"column":8},"end":{"line":35,"column":50}},"21":{"start":{"line":37,"column":8},"end":{"line":37,"column":17}},"22":{"start":{"line":41,"column":18},"end":{"line":54,"column":1}},"23":{"start":{"line":42,"column":4},"end":{"line":53,"column":5}},"24":{"start":{"line":43,"column":29},"end":{"line":45,"column":10}},"25":{"start":{"line":46,"column":8},"end":{"line":48,"column":9}},"26":{"start":{"line":47,"column":12},"end":{"line":47,"column":62}},"27":{"start":{"line":50,"column":8},"end":{"line":50,"column":50}},"28":{"start":{"line":52,"column":8},"end":{"line":52,"column":27}},"29":{"start":{"line":56,"column":17},"end":{"line":70,"column":1}},"30":{"start":{"line":57,"column":20},"end":{"line":57,"column":28}},"31":{"start":{"line":58,"column":4},"end":{"line":69,"column":5}},"32":{"start":{"line":59,"column":8},"end":{"line":63,"column":10}},"33":{"start":{"line":64,"column":8},"end":{"line":66,"column":10}},"34":{"start":{"line":68,"column":8},"end":{"line":68,"column":17}},"35":{"start":{"line":72,"column":16},"end":{"line":118,"column":1}},"36":{"start":{"line":73,"column":31},"end":{"line":73,"column":39}},"37":{"start":{"line":74,"column":4},"end":{"line":117,"column":5}},"38":{"start":{"line":75,"column":29},"end":{"line":79,"column":10}},"39":{"start":{"line":80,"column":8},"end":{"line":114,"column":5}},"40":{"start":{"line":81,"column":12},"end":{"line":81,"column":79}},"41":{"start":{"line":83,"column":26},"end":{"line":83,"column":47}},"42":{"start":{"line":84,"column":12},"end":{"line":113,"column":9}},"43":{"start":{"line":85,"column":34},"end":{"line":85,"column":56}},"44":{"start":{"line":86,"column":32},"end":{"line":88,"column":25}},"45":{"start":{"line":89,"column":26},"end":{"line":89,"column":75}},"46":{"start":{"line":90,"column":12},"end":{"line":90,"column":39}},"47":{"start":{"line":91,"column":16},"end":{"line":110,"column":13}},"48":{"start":{"line":93,"column":24},"end":{"line":96,"column":26}},"49":{"start":{"line":97,"column":20},"end":{"line":97,"column":26}},"50":{"start":{"line":99,"column":24},"end":{"line":102,"column":26}},"51":{"start":{"line":103,"column":20},"end":{"line":103,"column":26}},"52":{"start":{"line":105,"column":24},"end":{"line":108,"column":26}},"53":{"start":{"line":109,"column":20},"end":{"line":109,"column":26}},"54":{"start":{"line":112,"column":12},"end":{"line":112,"column":62}},"55":{"start":{"line":116,"column":8},"end":{"line":116,"column":17}},"56":{"start":{"line":120,"column":14},"end":{"line":150,"column":1}},"57":{"start":{"line":121,"column":48},"end":{"line":121,"column":56}},"58":{"start":{"line":122,"column":22},"end":{"line":122,"column":57}},"59":{"start":{"line":123,"column":4},"end":{"line":123,"column":31}},"60":{"start":{"line":124,"column":4},"end":{"line":124,"column":35}},"61":{"start":{"line":125,"column":4},"end":{"line":149,"column":5}},"62":{"start":{"line":126,"column":25},"end":{"line":130,"column":10}},"63":{"start":{"line":131,"column":8},"end":{"line":133,"column":9}},"64":{"start":{"line":132,"column":12},"end":{"line":132,"column":85}},"65":{"start":{"line":134,"column":24},"end":{"line":134,"column":56}},"66":{"start":{"line":135,"column":23},"end":{"line":135,"column":24}},"67":{"start":{"line":136,"column":26},"end":{"line":136,"column":72}},"68":{"start":{"line":137,"column":8},"end":{"line":137,"column":30}},"69":{"start":{"line":138,"column":8},"end":{"line":145,"column":9}},"70":{"start":{"line":139,"column":12},"end":{"line":139,"column":40}},"71":{"start":{"line":140,"column":12},"end":{"line":142,"column":14}},"72":{"start":{"line":144,"column":12},"end":{"line":144,"column":21}},"73":{"start":{"line":148,"column":8},"end":{"line":148,"column":17}},"74":{"start":{"line":152,"column":0},"end":{"line":158,"column":1}}},"fnMap":{"0":{"name":"(anonymous_0)","decl":{"start":{"line":12,"column":31},"end":{"line":12,"column":32}},"loc":{"start":{"line":12,"column":57},"end":{"line":39,"column":1}},"line":12},"1":{"name":"(anonymous_1)","decl":{"start":{"line":34,"column":50},"end":{"line":34,"column":51}},"loc":{"start":{"line":34,"column":60},"end":{"line":34,"column":84}},"line":34},"2":{"name":"(anonymous_2)","decl":{"start":{"line":41,"column":18},"end":{"line":41,"column":19}},"loc":{"start":{"line":41,"column":44},"end":{"line":54,"column":1}},"line":41},"3":{"name":"(anonymous_3)","decl":{"start":{"line":56,"column":17},"end":{"line":56,"column":18}},"loc":{"start":{"line":56,"column":43},"end":{"line":70,"column":1}},"line":56},"4":{"name":"(anonymous_4)","decl":{"start":{"line":72,"column":16},"end":{"line":72,"column":17}},"loc":{"start":{"line":72,"column":42},"end":{"line":118,"column":1}},"line":72},"5":{"name":"(anonymous_5)","decl":{"start":{"line":120,"column":14},"end":{"line":120,"column":15}},"loc":{"start":{"line":120,"column":40},"end":{"line":150,"column":1}},"line":120}},"branchMap":{"0":{"loc":{"start":{"line":22,"column":8},"end":{"line":24,"column":9}},"type":"if","locations":[{"start":{"line":22,"column":8},"end":{"line":24,"column":9}},{"start":{},"end":{}}],"line":22},"1":{"loc":{"start":{"line":31,"column":8},"end":{"line":33,"column":9}},"type":"if","locations":[{"start":{"line":31,"column":8},"end":{"line":33,"column":9}},{"start":{},"end":{}}],"line":31},"2":{"loc":{"start":{"line":46,"column":8},"end":{"line":48,"column":9}},"type":"if","locations":[{"start":{"line":46,"column":8},"end":{"line":48,"column":9}},{"start":{},"end":{}}],"line":46},"3":{"loc":{"start":{"line":80,"column":8},"end":{"line":114,"column":5}},"type":"if","locations":[{"start":{"line":80,"column":8},"end":{"line":114,"column":5}},{"start":{"line":82,"column":15},"end":{"line":114,"column":5}}],"line":80},"4":{"loc":{"start":{"line":84,"column":12},"end":{"line":113,"column":9}},"type":"if","locations":[{"start":{"line":84,"column":12},"end":{"line":113,"column":9}},{"start":{"line":111,"column":15},"end":{"line":113,"column":9}}],"line":84},"5":{"loc":{"start":{"line":91,"column":16},"end":{"line":110,"column":13}},"type":"switch","locations":[{"start":{"line":92,"column":20},"end":{"line":97,"column":26}},{"start":{"line":98,"column":20},"end":{"line":103,"column":26}},{"start":{"line":104,"column":20},"end":{"line":109,"column":26}}],"line":91},"6":{"loc":{"start":{"line":131,"column":8},"end":{"line":133,"column":9}},"type":"if","locations":[{"start":{"line":131,"column":8},"end":{"line":133,"column":9}},{"start":{},"end":{}}],"line":131}},"s":{"0":1,"1":1,"2":1,"3":1,"4":1,"5":1,"6":1,"7":1,"8":1,"9":3,"10":3,"11":3,"12":3,"13":3,"14":1,"15":2,"16":2,"17":1,"18":1,"19":2,"20":1,"21":2,"22":1,"23":2,"24":2,"25":2,"26":1,"27":1,"28":1,"29":1,"30":2,"31":2,"32":2,"33":1,"34":1,"35":1,"36":5,"37":5,"38":5,"39":5,"40":1,"41":4,"42":4,"43":3,"44":3,"45":3,"46":3,"47":3,"48":1,"49":1,"50":1,"51":1,"52":1,"53":1,"54":1,"55":2,"56":1,"57":3,"58":3,"59":3,"60":3,"61":3,"62":3,"63":3,"64":1,"65":2,"66":2,"67":2,"68":2,"69":2,"70":2,"71":1,"72":1,"73":1,"74":1},"f":{"0":3,"1":2,"2":2,"3":2,"4":5,"5":3},"b":{"0":[1,2],"1":[1,1],"2":[1,1],"3":[1,4],"4":[3,1],"5":[1,1,1],"6":[1,2]},"_coverageSchema":"1a1c01bbd47fc00a2c39e90264f33305004495a9","hash":"c727e9bf6c955cd91f8d24269036648097686aa8"}
,"G:\\ProjetoII\\ProjetoWebII\\back-end\\models\\InscricaoVoluntariado_model.js": {"path":"G:\\ProjetoII\\ProjetoWebII\\back-end\\models\\InscricaoVoluntariado_model.js","statementMap":{"0":{"start":{"line":1,"column":0},"end":{"line":24,"column":1}},"1":{"start":{"line":2,"column":28},"end":{"line":22,"column":10}},"2":{"start":{"line":23,"column":4},"end":{"line":23,"column":26}}},"fnMap":{"0":{"name":"(anonymous_0)","decl":{"start":{"line":1,"column":17},"end":{"line":1,"column":18}},"loc":{"start":{"line":1,"column":43},"end":{"line":24,"column":1}},"line":1}},"branchMap":{},"s":{"0":1,"1":1,"2":1},"f":{"0":1},"b":{},"_coverageSchema":"1a1c01bbd47fc00a2c39e90264f33305004495a9","hash":"3fcefca3509123fc6b2b554a46f7ea03542dcac3"}
,"G:\\ProjetoII\\ProjetoWebII\\back-end\\models\\adesaoAtividade_model.js": {"path":"G:\\ProjetoII\\ProjetoWebII\\back-end\\models\\adesaoAtividade_model.js","statementMap":{"0":{"start":{"line":1,"column":0},"end":{"line":23,"column":1}},"1":{"start":{"line":2,"column":28},"end":{"line":21,"column":6}},"2":{"start":{"line":22,"column":4},"end":{"line":22,"column":26}}},"fnMap":{"0":{"name":"(anonymous_0)","decl":{"start":{"line":1,"column":17},"end":{"line":1,"column":18}},"loc":{"start":{"line":1,"column":43},"end":{"line":23,"column":1}},"line":1}},"branchMap":{},"s":{"0":1,"1":1,"2":1},"f":{"0":1},"b":{},"_coverageSchema":"1a1c01bbd47fc00a2c39e90264f33305004495a9","hash":"c54cb1dbed76d2d76426ff5613c5032ebdc75243"}
,"G:\\ProjetoII\\ProjetoWebII\\back-end\\models\\areaTematics_models.js": {"path":"G:\\ProjetoII\\ProjetoWebII\\back-end\\models\\areaTematics_models.js","statementMap":{"0":{"start":{"line":1,"column":0},"end":{"line":23,"column":1}},"1":{"start":{"line":3,"column":17},"end":{"line":21,"column":3}},"2":{"start":{"line":22,"column":4},"end":{"line":22,"column":15}}},"fnMap":{"0":{"name":"(anonymous_0)","decl":{"start":{"line":1,"column":17},"end":{"line":1,"column":18}},"loc":{"start":{"line":1,"column":43},"end":{"line":23,"column":1}},"line":1}},"branchMap":{},"s":{"0":1,"1":1,"2":1},"f":{"0":1},"b":{},"_coverageSchema":"1a1c01bbd47fc00a2c39e90264f33305004495a9","hash":"441ebb839b53e0fd2b451eb812f0159c8b333115"}
,"G:\\ProjetoII\\ProjetoWebII\\back-end\\models\\atividade_models.js": {"path":"G:\\ProjetoII\\ProjetoWebII\\back-end\\models\\atividade_models.js","statementMap":{"0":{"start":{"line":1,"column":0},"end":{"line":44,"column":1}},"1":{"start":{"line":2,"column":22},"end":{"line":42,"column":6}},"2":{"start":{"line":43,"column":4},"end":{"line":43,"column":20}}},"fnMap":{"0":{"name":"(anonymous_0)","decl":{"start":{"line":1,"column":17},"end":{"line":1,"column":18}},"loc":{"start":{"line":1,"column":43},"end":{"line":44,"column":1}},"line":1}},"branchMap":{},"s":{"0":1,"1":1,"2":1},"f":{"0":1},"b":{},"_coverageSchema":"1a1c01bbd47fc00a2c39e90264f33305004495a9","hash":"4f8b4b5c578767bea72b9704936fc5db60e176af"}
,"G:\\ProjetoII\\ProjetoWebII\\back-end\\models\\connect.js": {"path":"G:\\ProjetoII\\ProjetoWebII\\back-end\\models\\connect.js","statementMap":{"0":{"start":{"line":2,"column":22},"end":{"line":2,"column":42}},"1":{"start":{"line":3,"column":0},"end":{"line":3,"column":27}},"2":{"start":{"line":5,"column":18},"end":{"line":16,"column":1}},"3":{"start":{"line":18,"column":0},"end":{"line":29,"column":1}},"4":{"start":{"line":19,"column":0},"end":{"line":28,"column":4}},"5":{"start":{"line":20,"column":4},"end":{"line":26,"column":5}},"6":{"start":{"line":21,"column":8},"end":{"line":21,"column":39}},"7":{"start":{"line":22,"column":8},"end":{"line":22,"column":85}},"8":{"start":{"line":24,"column":8},"end":{"line":24,"column":69}},"9":{"start":{"line":25,"column":8},"end":{"line":25,"column":24}},"10":{"start":{"line":30,"column":11},"end":{"line":30,"column":13}},"11":{"start":{"line":31,"column":0},"end":{"line":31,"column":25}},"12":{"start":{"line":33,"column":0},"end":{"line":33,"column":79}},"13":{"start":{"line":34,"column":0},"end":{"line":34,"column":81}},"14":{"start":{"line":35,"column":0},"end":{"line":35,"column":85}},"15":{"start":{"line":36,"column":0},"end":{"line":36,"column":75}},"16":{"start":{"line":37,"column":0},"end":{"line":37,"column":71}},"17":{"start":{"line":38,"column":0},"end":{"line":38,"column":79}},"18":{"start":{"line":39,"column":0},"end":{"line":39,"column":94}},"19":{"start":{"line":40,"column":0},"end":{"line":40,"column":88}},"20":{"start":{"line":43,"column":0},"end":{"line":43,"column":98}},"21":{"start":{"line":44,"column":0},"end":{"line":44,"column":81}},"22":{"start":{"line":47,"column":0},"end":{"line":47,"column":93}},"23":{"start":{"line":48,"column":0},"end":{"line":48,"column":76}},"24":{"start":{"line":51,"column":0},"end":{"line":51,"column":100}},"25":{"start":{"line":52,"column":0},"end":{"line":52,"column":83}},"26":{"start":{"line":55,"column":0},"end":{"line":57,"column":3}},"27":{"start":{"line":58,"column":0},"end":{"line":60,"column":3}},"28":{"start":{"line":63,"column":0},"end":{"line":65,"column":3}},"29":{"start":{"line":66,"column":0},"end":{"line":68,"column":3}},"30":{"start":{"line":71,"column":0},"end":{"line":73,"column":3}},"31":{"start":{"line":74,"column":0},"end":{"line":76,"column":3}},"32":{"start":{"line":78,"column":0},"end":{"line":78,"column":19}}},"fnMap":{"0":{"name":"(anonymous_0)","decl":{"start":{"line":19,"column":1},"end":{"line":19,"column":2}},"loc":{"start":{"line":19,"column":13},"end":{"line":27,"column":1}},"line":19}},"branchMap":{"0":{"loc":{"start":{"line":18,"column":0},"end":{"line":29,"column":1}},"type":"if","locations":[{"start":{"line":18,"column":0},"end":{"line":29,"column":1}},{"start":{},"end":{}}],"line":18}},"s":{"0":1,"1":1,"2":1,"3":1,"4":0,"5":0,"6":0,"7":0,"8":0,"9":0,"10":1,"11":1,"12":1,"13":1,"14":1,"15":1,"16":1,"17":1,"18":1,"19":1,"20":1,"21":1,"22":1,"23":1,"24":1,"25":1,"26":1,"27":1,"28":1,"29":1,"30":1,"31":1,"32":1},"f":{"0":0},"b":{"0":[0,1]},"_coverageSchema":"1a1c01bbd47fc00a2c39e90264f33305004495a9","hash":"d48b8f89ed16f6c38116a0cea5bcf59d9a6b84f2"}
,"G:\\ProjetoII\\ProjetoWebII\\back-end\\models\\conquistas_models.js": {"path":"G:\\ProjetoII\\ProjetoWebII\\back-end\\models\\conquistas_models.js","statementMap":{"0":{"start":{"line":1,"column":0},"end":{"line":27,"column":1}},"1":{"start":{"line":3,"column":23},"end":{"line":25,"column":3}},"2":{"start":{"line":26,"column":4},"end":{"line":26,"column":21}}},"fnMap":{"0":{"name":"(anonymous_0)","decl":{"start":{"line":1,"column":17},"end":{"line":1,"column":18}},"loc":{"start":{"line":1,"column":43},"end":{"line":27,"column":1}},"line":1}},"branchMap":{},"s":{"0":1,"1":1,"2":1},"f":{"0":1},"b":{},"_coverageSchema":"1a1c01bbd47fc00a2c39e90264f33305004495a9","hash":"8bc4973fbec3b5a9908f4b362b0ea1e94995ec56"}
,"G:\\ProjetoII\\ProjetoWebII\\back-end\\models\\school_models.js": {"path":"G:\\ProjetoII\\ProjetoWebII\\back-end\\models\\school_models.js","statementMap":{"0":{"start":{"line":1,"column":0},"end":{"line":49,"column":1}},"1":{"start":{"line":2,"column":19},"end":{"line":47,"column":3}},"2":{"start":{"line":48,"column":4},"end":{"line":48,"column":17}}},"fnMap":{"0":{"name":"(anonymous_0)","decl":{"start":{"line":1,"column":17},"end":{"line":1,"column":18}},"loc":{"start":{"line":1,"column":43},"end":{"line":49,"column":1}},"line":1}},"branchMap":{},"s":{"0":1,"1":1,"2":1},"f":{"0":1},"b":{},"_coverageSchema":"1a1c01bbd47fc00a2c39e90264f33305004495a9","hash":"d8b7e861af0afde5bb884fec6037442133517dbf"}
,"G:\\ProjetoII\\ProjetoWebII\\back-end\\models\\sessao_models.js": {"path":"G:\\ProjetoII\\ProjetoWebII\\back-end\\models\\sessao_models.js","statementMap":{"0":{"start":{"line":1,"column":0},"end":{"line":31,"column":1}},"1":{"start":{"line":3,"column":19},"end":{"line":29,"column":6}},"2":{"start":{"line":30,"column":4},"end":{"line":30,"column":17}}},"fnMap":{"0":{"name":"(anonymous_0)","decl":{"start":{"line":1,"column":17},"end":{"line":1,"column":18}},"loc":{"start":{"line":1,"column":43},"end":{"line":31,"column":1}},"line":1}},"branchMap":{},"s":{"0":1,"1":1,"2":1},"f":{"0":1},"b":{},"_coverageSchema":"1a1c01bbd47fc00a2c39e90264f33305004495a9","hash":"3e04eb54c0e6b9d843a9927b8b0da4ce1edcfab7"}
,"G:\\ProjetoII\\ProjetoWebII\\back-end\\models\\user_models.js": {"path":"G:\\ProjetoII\\ProjetoWebII\\back-end\\models\\user_models.js","statementMap":{"0":{"start":{"line":1,"column":0},"end":{"line":46,"column":1}},"1":{"start":{"line":2,"column":23},"end":{"line":44,"column":2}},"2":{"start":{"line":45,"column":4},"end":{"line":45,"column":21}}},"fnMap":{"0":{"name":"(anonymous_0)","decl":{"start":{"line":1,"column":17},"end":{"line":1,"column":18}},"loc":{"start":{"line":1,"column":43},"end":{"line":46,"column":1}},"line":1}},"branchMap":{},"s":{"0":1,"1":1,"2":1},"f":{"0":1},"b":{},"_coverageSchema":"1a1c01bbd47fc00a2c39e90264f33305004495a9","hash":"e5a9a14b9beacd812c37c8a39c63cac9d0eaf8bc"}
,"G:\\ProjetoII\\ProjetoWebII\\back-end\\utils\\error.js": {"path":"G:\\ProjetoII\\ProjetoWebII\\back-end\\utils\\error.js","statementMap":{"0":{"start":{"line":4,"column":6},"end":{"line":4,"column":14}},"1":{"start":{"line":5,"column":6},"end":{"line":5,"column":35}},"2":{"start":{"line":6,"column":6},"end":{"line":6,"column":29}},"3":{"start":{"line":9,"column":2},"end":{"line":11,"column":3}}},"fnMap":{"0":{"name":"(anonymous_0)","decl":{"start":{"line":3,"column":4},"end":{"line":3,"column":5}},"loc":{"start":{"line":3,"column":37},"end":{"line":7,"column":5}},"line":3}},"branchMap":{},"s":{"0":10,"1":10,"2":10,"3":4},"f":{"0":10},"b":{},"_coverageSchema":"1a1c01bbd47fc00a2c39e90264f33305004495a9","hash":"b8d1f6a86a0f2d4ae45033fad1a72159fe586f8e"}
}
