TN:
SF:controllers\atividadeControllers.js
FN:8,(anonymous_0)
FN:24,(anonymous_1)
FN:36,(anonymous_2)
FN:53,(anonymous_3)
FN:78,(anonymous_4)
FNF:5
FNH:5
FNDA:2,(anonymous_0)
FNDA:1,(anonymous_1)
FNDA:1,(anonymous_2)
FNDA:2,(anonymous_3)
FNDA:2,(anonymous_4)
DA:1,1
DA:2,1
DA:3,1
DA:6,1
DA:8,1
DA:9,2
DA:10,2
DA:13,2
DA:14,1
DA:16,1
DA:20,1
DA:24,1
DA:25,1
DA:26,1
DA:27,1
DA:28,1
DA:29,1
DA:33,0
DA:36,1
DA:37,1
DA:38,1
DA:39,1
DA:40,1
DA:45,1
DA:49,0
DA:53,1
DA:54,2
DA:55,2
DA:56,2
DA:57,2
DA:58,2
DA:63,2
DA:64,0
DA:66,2
DA:67,1
DA:69,1
DA:74,1
DA:78,1
DA:79,2
DA:80,2
DA:81,2
DA:87,2
DA:88,0
DA:90,2
DA:94,0
DA:98,1
LF:46
LH:41
BRDA:13,0,0,1
BRDA:13,0,1,1
BRDA:13,1,0,2
BRDA:13,1,1,2
BRDA:63,2,0,0
BRDA:63,2,1,2
BRDA:87,3,0,0
BRDA:87,3,1,2
BRF:8
BRH:6
end_of_record
TN:
SF:controllers\schoolControllers.js
FN:6,(anonymous_0)
FN:14,(anonymous_1)
FN:23,(anonymous_2)
FN:37,(anonymous_3)
FNF:4
FNH:4
FNDA:3,(anonymous_0)
FNDA:2,(anonymous_1)
FNDA:2,(anonymous_2)
FNDA:2,(anonymous_3)
DA:1,1
DA:2,1
DA:4,1
DA:6,1
DA:7,3
DA:8,3
DA:11,2
DA:12,1
DA:14,2
DA:15,1
DA:19,1
DA:23,1
DA:24,2
DA:25,2
DA:26,2
DA:27,2
DA:28,2
DA:29,1
DA:33,1
DA:37,1
DA:38,2
DA:39,2
DA:40,2
DA:45,1
DA:49,1
DA:54,1
LF:26
LH:26
BRDA:11,0,0,1
BRDA:11,0,1,1
BRF:2
BRH:2
end_of_record
TN:
SF:controllers\sessaoControllers.js
FN:8,(anonymous_0)
FN:16,(anonymous_1)
FN:25,(anonymous_2)
FN:51,(anonymous_3)
FN:68,(anonymous_4)
FN:77,(anonymous_5)
FNF:6
FNH:6
FNDA:2,(anonymous_0)
FNDA:2,(anonymous_1)
FNDA:3,(anonymous_2)
FNDA:2,(anonymous_3)
FNDA:2,(anonymous_4)
FNDA:1,(anonymous_5)
DA:1,1
DA:2,1
DA:3,1
DA:6,1
DA:8,1
DA:9,2
DA:10,2
DA:13,2
DA:14,1
DA:16,2
DA:17,1
DA:21,1
DA:25,1
DA:26,3
DA:27,3
DA:28,3
DA:29,3
DA:30,3
DA:36,3
DA:37,1
DA:39,2
DA:40,2
DA:41,2
DA:42,2
DA:43,1
DA:47,2
DA:51,1
DA:52,2
DA:53,2
DA:54,2
DA:60,1
DA:64,1
DA:68,1
DA:69,2
DA:70,2
DA:71,2
DA:77,1
DA:78,1
DA:79,1
DA:83,1
DA:89,1
LF:41
LH:41
BRDA:13,0,0,1
BRDA:13,0,1,1
BRDA:36,1,0,1
BRDA:36,1,1,2
BRF:4
BRH:4
end_of_record
TN:
SF:controllers\usersControllers.js
FN:10,(anonymous_0)
FN:32,(anonymous_1)
FN:39,(anonymous_2)
FN:47,(anonymous_3)
FN:58,(anonymous_4)
FN:74,(anonymous_5)
FN:113,(anonymous_6)
FNF:7
FNH:7
FNDA:3,(anonymous_0)
FNDA:2,(anonymous_1)
FNDA:2,(anonymous_2)
FNDA:2,(anonymous_3)
FNDA:2,(anonymous_4)
FNDA:5,(anonymous_5)
FNDA:3,(anonymous_6)
DA:1,1
DA:2,1
DA:3,1
DA:4,1
DA:5,1
DA:8,1
DA:10,1
DA:11,3
DA:12,3
DA:13,3
DA:14,3
DA:20,3
DA:21,1
DA:23,2
DA:29,2
DA:30,1
DA:32,2
DA:33,1
DA:35,2
DA:39,1
DA:40,2
DA:41,2
DA:44,2
DA:45,1
DA:47,2
DA:48,1
DA:50,1
DA:54,1
DA:58,1
DA:59,2
DA:60,2
DA:61,2
DA:66,1
DA:70,1
DA:74,1
DA:75,5
DA:76,5
DA:77,5
DA:82,5
DA:83,1
DA:85,4
DA:86,4
DA:87,3
DA:89,1
DA:92,1
DA:94,1
DA:97,1
DA:99,1
DA:102,1
DA:105,1
DA:109,2
DA:113,1
DA:114,3
DA:115,3
DA:116,3
DA:117,3
DA:118,3
DA:119,3
DA:124,3
DA:125,1
DA:127,2
DA:128,2
DA:129,2
DA:130,2
DA:131,2
DA:132,2
DA:133,1
DA:137,1
DA:141,1
DA:145,1
LF:70
LH:70
BRDA:20,0,0,1
BRDA:20,0,1,2
BRDA:29,1,0,1
BRDA:29,1,1,1
BRDA:44,2,0,1
BRDA:44,2,1,1
BRDA:82,3,0,1
BRDA:82,3,1,4
BRDA:86,4,0,3
BRDA:86,4,1,1
BRDA:87,5,0,1
BRDA:87,5,1,1
BRDA:87,5,2,1
BRDA:124,6,0,1
BRDA:124,6,1,2
BRF:15
BRH:15
end_of_record
TN:
SF:models\InscricaoVoluntariado_model.js
FN:1,(anonymous_0)
FNF:1
FNH:1
FNDA:1,(anonymous_0)
DA:1,1
DA:2,1
DA:23,1
LF:3
LH:3
BRF:0
BRH:0
end_of_record
TN:
SF:models\adesaoAtividade_model.js
FN:1,(anonymous_0)
FNF:1
FNH:1
FNDA:1,(anonymous_0)
DA:1,1
DA:2,1
DA:22,1
LF:3
LH:3
BRF:0
BRH:0
end_of_record
TN:
SF:models\areaTematics_models.js
FN:1,(anonymous_0)
FNF:1
FNH:1
FNDA:1,(anonymous_0)
DA:1,1
DA:3,1
DA:22,1
LF:3
LH:3
BRF:0
BRH:0
end_of_record
TN:
SF:models\atividade_models.js
FN:1,(anonymous_0)
FNF:1
FNH:1
FNDA:1,(anonymous_0)
DA:1,1
DA:2,1
DA:43,1
LF:3
LH:3
BRF:0
BRH:0
end_of_record
TN:
SF:models\connect.js
FN:19,(anonymous_0)
FNF:1
FNH:0
FNDA:0,(anonymous_0)
DA:2,1
DA:3,1
DA:5,1
DA:18,1
DA:19,0
DA:20,0
DA:21,0
DA:22,0
DA:24,0
DA:25,0
DA:30,1
DA:31,1
DA:33,1
DA:34,1
DA:35,1
DA:36,1
DA:37,1
DA:38,1
DA:39,1
DA:40,1
DA:43,1
DA:44,1
DA:47,1
DA:48,1
DA:51,1
DA:52,1
DA:55,1
DA:58,1
DA:63,1
DA:66,1
DA:71,1
DA:74,1
DA:78,1
LF:33
LH:27
BRDA:18,0,0,0
BRDA:18,0,1,1
BRF:2
BRH:1
end_of_record
TN:
SF:models\conquistas_models.js
FN:1,(anonymous_0)
FNF:1
FNH:1
FNDA:1,(anonymous_0)
DA:1,1
DA:3,1
DA:26,1
LF:3
LH:3
BRF:0
BRH:0
end_of_record
TN:
SF:models\school_models.js
FN:1,(anonymous_0)
FNF:1
FNH:1
FNDA:1,(anonymous_0)
DA:1,1
DA:2,1
DA:48,1
LF:3
LH:3
BRF:0
BRH:0
end_of_record
TN:
SF:models\sessao_models.js
FN:1,(anonymous_0)
FNF:1
FNH:1
FNDA:1,(anonymous_0)
DA:1,1
DA:3,1
DA:30,1
LF:3
LH:3
BRF:0
BRH:0
end_of_record
TN:
SF:models\user_models.js
FN:1,(anonymous_0)
FNF:1
FNH:1
FNDA:1,(anonymous_0)
DA:1,1
DA:2,1
DA:45,1
LF:3
LH:3
BRF:0
BRH:0
end_of_record
TN:
SF:utils\error.js
FN:3,(anonymous_0)
FNF:1
FNH:1
FNDA:10,(anonymous_0)
DA:4,10
DA:5,10
DA:6,10
DA:9,4
LF:4
LH:4
BRF:0
BRH:0
end_of_record
