TN:
SF:server.js
FN:16,(anonymous_0)
FN:18,(anonymous_1)
FN:41,(anonymous_2)
FN:46,(anonymous_3)
FN:58,(anonymous_4)
FN:92,(anonymous_5)
FNF:6
FNH:4
FNDA:9,(anonymous_0)
FNDA:9,(anonymous_1)
FNDA:0,(anonymous_2)
FNDA:3,(anonymous_3)
FNDA:0,(anonymous_4)
FNDA:1,(anonymous_5)
DA:1,1
DA:2,1
DA:3,1
DA:4,1
DA:5,1
DA:8,1
DA:9,1
DA:11,1
DA:12,1
DA:13,1
DA:16,1
DA:17,9
DA:18,9
DA:19,9
DA:20,9
DA:22,9
DA:26,1
DA:29,1
DA:32,1
DA:35,1
DA:38,1
DA:41,1
DA:42,0
DA:46,1
DA:48,3
DA:51,3
DA:52,0
DA:55,3
DA:56,0
DA:58,0
DA:66,3
DA:67,0
DA:68,0
DA:73,0
DA:74,0
DA:79,0
DA:80,0
DA:87,3
DA:90,1
DA:92,1
DA:93,1
LF:41
LH:31
BRDA:8,0,0,1
BRDA:8,0,1,0
BRDA:9,1,0,1
BRDA:9,1,1,0
BRDA:51,2,0,0
BRDA:51,2,1,3
BRDA:55,3,0,0
BRDA:55,3,1,3
BRDA:55,4,0,3
BRDA:55,4,1,3
BRDA:66,5,0,0
BRDA:66,5,1,3
BRDA:67,6,0,0
BRDA:67,6,1,0
BRDA:73,7,0,0
BRDA:73,7,1,0
BRDA:79,8,0,0
BRDA:79,8,1,0
BRDA:87,9,0,3
BRDA:87,9,1,0
BRDA:87,10,0,3
BRDA:87,10,1,0
BRF:22
BRH:9
end_of_record
TN:
SF:controllers\areaTematicsControllers.js
FN:7,(anonymous_0)
FN:20,(anonymous_1)
FN:33,(anonymous_2)
FN:45,(anonymous_3)
FN:54,(anonymous_4)
FN:68,(anonymous_5)
FNF:6
FNH:6
FNDA:6,(anonymous_0)
FNDA:6,(anonymous_1)
FNDA:6,(anonymous_2)
FNDA:4,(anonymous_3)
FNDA:4,(anonymous_4)
FNDA:8,(anonymous_5)
DA:1,3
DA:2,3
DA:3,3
DA:5,3
DA:7,3
DA:8,6
DA:9,6
DA:12,4
DA:13,2
DA:15,2
DA:17,4
DA:20,3
DA:21,6
DA:22,6
DA:23,6
DA:24,4
DA:25,2
DA:27,2
DA:29,4
DA:33,3
DA:34,6
DA:35,6
DA:36,6
DA:42,4
DA:43,2
DA:45,4
DA:46,2
DA:50,4
DA:54,3
DA:55,4
DA:56,4
DA:57,4
DA:60,2
DA:64,2
DA:68,3
DA:69,8
DA:70,8
DA:71,8
DA:72,8
DA:73,2
DA:75,6
DA:76,2
DA:79,4
DA:80,2
DA:84,6
DA:88,3
LF:46
LH:46
BRDA:12,0,0,2
BRDA:12,0,1,2
BRDA:24,1,0,2
BRDA:24,1,1,2
BRDA:42,2,0,2
BRDA:42,2,1,2
BRDA:72,3,0,2
BRDA:72,3,1,6
BRDA:75,4,0,2
BRDA:75,4,1,4
BRF:10
BRH:10
end_of_record
TN:
SF:controllers\atividadeControllers.js
FN:8,(anonymous_0)
FN:22,(anonymous_1)
FN:34,(anonymous_2)
FN:50,(anonymous_3)
FN:75,(anonymous_4)
FN:95,(anonymous_5)
FNF:6
FNH:6
FNDA:4,(anonymous_0)
FNDA:2,(anonymous_1)
FNDA:2,(anonymous_2)
FNDA:3,(anonymous_3)
FNDA:3,(anonymous_4)
FNDA:4,(anonymous_5)
DA:1,2
DA:2,2
DA:3,2
DA:6,2
DA:8,2
DA:9,4
DA:10,4
DA:13,3
DA:14,2
DA:16,1
DA:18,3
DA:22,2
DA:23,2
DA:24,2
DA:25,2
DA:26,2
DA:27,1
DA:31,1
DA:34,2
DA:35,2
DA:36,2
DA:37,2
DA:42,1
DA:46,1
DA:50,2
DA:51,3
DA:52,3
DA:53,3
DA:54,3
DA:55,3
DA:60,2
DA:61,1
DA:63,1
DA:64,1
DA:66,1
DA:71,2
DA:75,2
DA:76,3
DA:77,3
DA:78,3
DA:84,2
DA:85,1
DA:87,1
DA:91,2
DA:95,2
DA:96,4
DA:97,4
DA:98,4
DA:104,3
DA:105,2
DA:108,1
DA:110,3
DA:114,2
LF:53
LH:53
BRDA:13,0,0,2
BRDA:13,0,1,1
BRDA:13,1,0,3
BRDA:13,1,1,3
BRDA:60,2,0,1
BRDA:60,2,1,1
BRDA:84,3,0,1
BRDA:84,3,1,1
BRDA:104,4,0,2
BRDA:104,4,1,1
BRF:10
BRH:10
end_of_record
TN:
SF:controllers\inscricaoVoluntariado.controllers.js
FN:8,(anonymous_0)
FN:25,(anonymous_1)
FN:60,(anonymous_2)
FN:98,(anonymous_3)
FN:126,(anonymous_4)
FN:129,(anonymous_5)
FNF:6
FNH:6
FNDA:3,(anonymous_0)
FNDA:4,(anonymous_1)
FNDA:3,(anonymous_2)
FNDA:4,(anonymous_3)
FNDA:3,(anonymous_4)
FNDA:2,(anonymous_5)
DA:1,2
DA:2,2
DA:3,2
DA:4,2
DA:6,2
DA:8,2
DA:9,3
DA:10,3
DA:11,3
DA:12,3
DA:18,2
DA:20,1
DA:25,2
DA:26,4
DA:27,4
DA:28,4
DA:29,4
DA:30,4
DA:36,3
DA:37,1
DA:39,2
DA:45,2
DA:46,1
DA:47,1
DA:48,1
DA:49,1
DA:53,1
DA:56,3
DA:60,2
DA:61,3
DA:62,3
DA:63,3
DA:64,3
DA:71,2
DA:72,1
DA:74,1
DA:80,1
DA:86,1
DA:87,1
DA:88,1
DA:92,2
DA:98,2
DA:99,4
DA:100,4
DA:101,4
DA:102,4
DA:109,3
DA:110,1
DA:113,2
DA:114,2
DA:116,2
DA:122,2
DA:126,2
DA:127,3
DA:130,2
DA:131,2
DA:132,2
DA:135,3
DA:136,3
DA:142,2
DA:143,1
DA:146,1
DA:148,1
DA:149,2
DA:155,2
DA:156,2
DA:158,1
DA:160,2
DA:164,2
LF:69
LH:69
BRDA:36,0,0,1
BRDA:36,0,1,2
BRDA:45,1,0,1
BRDA:45,1,1,1
BRDA:71,2,0,1
BRDA:71,2,1,1
BRDA:71,3,0,2
BRDA:71,3,1,1
BRDA:109,4,0,1
BRDA:109,4,1,2
BRDA:142,5,0,1
BRDA:142,5,1,1
BRDA:142,6,0,2
BRDA:142,6,1,2
BRF:14
BRH:14
end_of_record
TN:
SF:controllers\schoolControllers.js
FN:6,(anonymous_0)
FN:19,(anonymous_1)
FN:32,(anonymous_2)
FNF:3
FNH:3
FNDA:3,(anonymous_0)
FNDA:2,(anonymous_1)
FNDA:2,(anonymous_2)
DA:1,2
DA:2,2
DA:4,2
DA:6,2
DA:7,3
DA:8,3
DA:9,2
DA:10,1
DA:12,1
DA:14,2
DA:19,2
DA:20,2
DA:21,2
DA:22,2
DA:23,2
DA:24,1
DA:28,1
DA:32,2
DA:33,2
DA:34,2
DA:35,2
DA:40,1
DA:44,1
DA:49,2
LF:24
LH:24
BRDA:9,0,0,1
BRDA:9,0,1,1
BRDA:9,1,0,2
BRDA:9,1,1,1
BRF:4
BRH:4
end_of_record
TN:
SF:controllers\sessaoControllers.js
FN:8,(anonymous_0)
FN:10,(anonymous_1)
FN:27,(anonymous_2)
FN:45,(anonymous_3)
FN:52,(anonymous_4)
FN:69,(anonymous_5)
FN:86,(anonymous_6)
FN:95,(anonymous_7)
FNF:8
FNH:8
FNDA:3,(anonymous_0)
FNDA:2,(anonymous_1)
FNDA:2,(anonymous_2)
FNDA:3,(anonymous_3)
FNDA:4,(anonymous_4)
FNDA:2,(anonymous_5)
FNDA:2,(anonymous_6)
FNDA:1,(anonymous_7)
DA:1,2
DA:2,2
DA:3,2
DA:6,2
DA:8,2
DA:11,2
DA:12,2
DA:13,2
DA:14,2
DA:15,2
DA:18,3
DA:19,3
DA:22,2
DA:23,1
DA:25,1
DA:26,1
DA:27,1
DA:28,2
DA:33,2
DA:34,2
DA:35,2
DA:36,2
DA:37,1
DA:41,2
DA:45,2
DA:46,3
DA:47,3
DA:49,3
DA:50,3
DA:51,2
DA:52,2
DA:53,4
DA:54,1
DA:55,1
DA:56,1
DA:61,2
DA:62,1
DA:65,2
DA:69,2
DA:70,2
DA:71,2
DA:72,2
DA:78,1
DA:82,1
DA:86,2
DA:87,2
DA:88,2
DA:89,2
DA:95,1
DA:96,1
DA:100,1
DA:106,2
LF:52
LH:52
BRDA:22,0,0,1
BRDA:22,0,1,1
BRDA:36,1,0,1
BRDA:36,1,1,1
BRDA:53,2,0,1
BRDA:53,2,1,3
BRDA:61,3,0,1
BRDA:61,3,1,1
BRF:8
BRH:8
end_of_record
TN:
SF:controllers\usersControllers.js
FN:11,(anonymous_0)
FN:32,(anonymous_1)
FN:39,(anonymous_2)
FN:52,(anonymous_3)
FN:66,(anonymous_4)
FN:114,(anonymous_5)
FNF:6
FNH:6
FNDA:3,(anonymous_0)
FNDA:1,(anonymous_1)
FNDA:2,(anonymous_2)
FNDA:2,(anonymous_3)
FNDA:7,(anonymous_4)
FNDA:2,(anonymous_5)
DA:1,2
DA:2,2
DA:3,2
DA:4,2
DA:5,2
DA:6,2
DA:9,2
DA:11,2
DA:12,3
DA:13,3
DA:14,3
DA:20,3
DA:21,1
DA:23,2
DA:29,2
DA:30,1
DA:32,1
DA:33,1
DA:35,2
DA:39,2
DA:40,2
DA:41,2
DA:42,2
DA:43,1
DA:46,1
DA:48,1
DA:52,2
DA:53,2
DA:54,2
DA:55,2
DA:60,1
DA:62,1
DA:66,2
DA:67,7
DA:68,7
DA:69,7
DA:74,6
DA:75,2
DA:77,4
DA:78,4
DA:79,3
DA:80,3
DA:84,3
DA:85,3
DA:87,1
DA:91,1
DA:93,1
DA:97,1
DA:99,1
DA:103,1
DA:106,1
DA:110,4
DA:114,2
DA:115,2
DA:116,2
DA:117,2
DA:118,2
DA:119,2
DA:120,1
DA:125,1
DA:129,2
LF:61
LH:61
BRDA:20,0,0,1
BRDA:20,0,1,2
BRDA:29,1,0,1
BRDA:29,1,1,1
BRDA:42,2,0,1
BRDA:42,2,1,1
BRDA:74,3,0,2
BRDA:74,3,1,4
BRDA:78,4,0,3
BRDA:78,4,1,1
BRDA:85,5,0,1
BRDA:85,5,1,1
BRDA:85,5,2,1
BRF:13
BRH:13
end_of_record
TN:
SF:models\InscricaoVoluntariado_model.js
FN:1,(anonymous_0)
FNF:1
FNH:1
FNDA:10,(anonymous_0)
DA:1,10
DA:2,10
DA:23,10
LF:3
LH:3
BRF:0
BRH:0
end_of_record
TN:
SF:models\areaTematics_models.js
FN:1,(anonymous_0)
FNF:1
FNH:1
FNDA:10,(anonymous_0)
DA:1,10
DA:3,10
DA:22,10
LF:3
LH:3
BRF:0
BRH:0
end_of_record
TN:
SF:models\atividade_models.js
FN:1,(anonymous_0)
FNF:1
FNH:1
FNDA:10,(anonymous_0)
DA:1,10
DA:2,10
DA:43,10
LF:3
LH:3
BRF:0
BRH:0
end_of_record
TN:
SF:models\connect.js
FN:19,(anonymous_0)
FNF:1
FNH:0
FNDA:0,(anonymous_0)
DA:2,10
DA:3,10
DA:5,10
DA:18,10
DA:19,0
DA:20,0
DA:21,0
DA:22,0
DA:24,0
DA:25,0
DA:30,10
DA:31,10
DA:33,10
DA:34,10
DA:35,10
DA:36,10
DA:37,10
DA:38,10
DA:39,10
DA:42,10
DA:43,10
DA:46,10
DA:47,10
DA:50,10
DA:51,10
DA:54,10
DA:57,10
DA:62,10
DA:65,10
DA:69,10
LF:30
LH:24
BRDA:18,0,0,0
BRDA:18,0,1,10
BRF:2
BRH:1
end_of_record
TN:
SF:models\conquistas_models.js
FN:1,(anonymous_0)
FNF:1
FNH:1
FNDA:10,(anonymous_0)
DA:1,10
DA:3,10
DA:26,10
LF:3
LH:3
BRF:0
BRH:0
end_of_record
TN:
SF:models\school_models.js
FN:1,(anonymous_0)
FNF:1
FNH:1
FNDA:10,(anonymous_0)
DA:1,10
DA:2,10
DA:48,10
LF:3
LH:3
BRF:0
BRH:0
end_of_record
TN:
SF:models\sessao_models.js
FN:1,(anonymous_0)
FNF:1
FNH:1
FNDA:10,(anonymous_0)
DA:1,10
DA:3,10
DA:30,10
LF:3
LH:3
BRF:0
BRH:0
end_of_record
TN:
SF:models\user_models.js
FN:1,(anonymous_0)
FNF:1
FNH:1
FNDA:10,(anonymous_0)
DA:1,10
DA:2,10
DA:48,10
LF:3
LH:3
BRF:0
BRH:0
end_of_record
TN:
SF:routes\Area.routes.js
FNF:0
FNH:0
DA:1,1
DA:2,1
DA:3,1
DA:5,1
DA:7,1
DA:8,1
DA:9,1
DA:10,1
DA:11,1
DA:14,1
LF:10
LH:10
BRF:0
BRH:0
end_of_record
TN:
SF:routes\Session.routes.js
FNF:0
FNH:0
DA:1,1
DA:2,1
DA:3,1
DA:4,1
DA:5,1
DA:7,1
DA:8,1
DA:10,1
DA:11,1
DA:12,1
DA:13,1
DA:14,1
DA:16,1
LF:13
LH:13
BRF:0
BRH:0
end_of_record
TN:
SF:routes\atividade.routes.js
FNF:0
FNH:0
DA:1,1
DA:2,1
DA:3,1
DA:4,1
DA:6,1
DA:8,1
DA:9,1
DA:10,1
DA:11,1
DA:12,1
DA:13,1
DA:15,1
LF:12
LH:12
BRF:0
BRH:0
end_of_record
TN:
SF:routes\school.routes.js
FNF:0
FNH:0
DA:1,1
DA:2,1
DA:3,1
DA:4,1
DA:6,1
DA:8,1
DA:9,1
DA:10,1
DA:12,1
LF:9
LH:9
BRF:0
BRH:0
end_of_record
TN:
SF:routes\users.routes.js
FNF:0
FNH:0
DA:1,1
DA:2,1
DA:3,1
DA:4,1
DA:6,1
DA:7,1
DA:10,1
DA:11,1
DA:12,1
DA:13,1
DA:14,1
DA:15,1
DA:16,1
DA:17,1
DA:18,1
DA:20,1
LF:16
LH:16
BRF:0
BRH:0
end_of_record
TN:
SF:tests\IntegrationTests\setup.js
FN:8,(anonymous_0)
FN:15,(anonymous_1)
FN:27,(anonymous_2)
FN:48,(anonymous_3)
FN:53,(anonymous_4)
FNF:5
FNH:5
FNDA:1,(anonymous_0)
FNDA:1,(anonymous_1)
FNDA:7,(anonymous_2)
FNDA:7,(anonymous_3)
FNDA:1,(anonymous_4)
DA:3,1
DA:4,1
DA:5,1
DA:8,1
DA:9,1
DA:12,1
DA:15,1
DA:26,1
DA:27,1
DA:28,7
DA:34,1
DA:45,1
DA:48,1
DA:49,7
DA:53,1
DA:54,1
DA:57,1
LF:17
LH:17
BRF:0
BRH:0
end_of_record
TN:
SF:utils\RegisterUserMiddleware.js
FN:2,(anonymous_0)
FNF:1
FNH:1
FNDA:5,(anonymous_0)
DA:2,2
DA:3,5
DA:4,5
DA:5,5
DA:6,5
DA:7,5
DA:8,2
DA:10,3
DA:15,2
DA:16,1
DA:18,1
DA:20,1
DA:26,2
LF:13
LH:13
BRDA:7,0,0,2
BRDA:7,0,1,3
BRDA:7,1,0,5
BRDA:7,1,1,4
BRDA:7,1,2,4
BRDA:15,2,0,1
BRDA:15,2,1,1
BRF:7
BRH:7
end_of_record
TN:
SF:utils\ValidateAddSchoolMiddleware.js
FN:1,(anonymous_0)
FNF:1
FNH:1
FNDA:7,(anonymous_0)
DA:1,2
DA:2,7
DA:3,7
DA:4,7
DA:6,7
DA:8,7
DA:9,2
DA:12,5
DA:14,5
DA:15,2
DA:18,3
DA:20,3
DA:21,2
DA:24,1
DA:27,2
LF:15
LH:15
BRDA:8,0,0,2
BRDA:8,0,1,5
BRDA:8,1,0,7
BRDA:8,1,1,6
BRDA:14,2,0,2
BRDA:14,2,1,3
BRDA:14,3,0,5
BRDA:14,3,1,4
BRDA:20,4,0,2
BRDA:20,4,1,1
BRDA:20,5,0,3
BRDA:20,5,1,2
BRF:12
BRH:12
end_of_record
TN:
SF:utils\ValidateDateAndHourMiddleware.js
FN:4,(anonymous_0)
FNF:1
FNH:1
FNDA:7,(anonymous_0)
DA:1,2
DA:2,2
DA:4,2
DA:5,7
DA:6,7
DA:7,7
DA:8,7
DA:9,7
DA:12,7
DA:18,1
DA:23,6
DA:24,6
DA:25,6
DA:27,6
DA:28,2
DA:32,1
DA:37,4
DA:38,4
DA:45,3
DA:46,1
DA:49,2
DA:50,2
DA:52,2
DA:53,2
DA:55,2
DA:56,2
DA:58,2
DA:59,1
DA:61,1
DA:66,1
DA:73,2
LF:31
LH:31
BRDA:12,0,0,1
BRDA:12,0,1,6
BRDA:13,1,0,7
BRDA:13,1,1,6
BRDA:13,1,2,6
BRDA:13,1,3,6
BRDA:13,1,4,6
BRDA:13,1,5,6
BRDA:13,1,6,6
BRDA:13,1,7,6
BRDA:13,1,8,6
BRDA:27,2,0,2
BRDA:27,2,1,4
BRDA:27,3,0,6
BRDA:27,3,1,5
BRDA:45,4,0,1
BRDA:45,4,1,2
BRDA:58,5,0,1
BRDA:58,5,1,1
BRDA:58,6,0,2
BRDA:58,6,1,2
BRF:21
BRH:21
end_of_record
TN:
SF:utils\auth.js
FN:4,(anonymous_0)
FN:10,(anonymous_1)
FN:23,(anonymous_2)
FN:29,(anonymous_3)
FNF:4
FNH:4
FNDA:10,(anonymous_0)
FNDA:9,(anonymous_1)
FNDA:4,(anonymous_2)
FNDA:3,(anonymous_3)
DA:1,2
DA:2,2
DA:4,2
DA:5,10
DA:6,10
DA:8,10
DA:10,9
DA:11,9
DA:12,7
DA:14,2
DA:15,2
DA:16,2
DA:17,1
DA:19,1
DA:23,2
DA:24,4
DA:25,4
DA:27,4
DA:29,3
DA:30,3
DA:31,1
DA:34,2
DA:35,2
DA:36,2
DA:37,1
DA:39,1
DA:44,2
LF:27
LH:27
BRDA:6,0,0,10
BRDA:6,0,1,9
BRDA:8,1,0,1
BRDA:8,1,1,9
BRDA:11,2,0,7
BRDA:11,2,1,2
BRDA:11,3,0,9
BRDA:11,3,1,2
BRDA:16,4,0,1
BRDA:16,4,1,1
BRDA:25,5,0,4
BRDA:25,5,1,3
BRDA:27,6,0,1
BRDA:27,6,1,3
BRDA:30,7,0,1
BRDA:30,7,1,2
BRDA:30,8,0,3
BRDA:30,8,1,2
BRDA:36,9,0,1
BRDA:36,9,1,1
BRF:20
BRH:20
end_of_record
TN:
SF:utils\error.js
FN:3,(anonymous_0)
FNF:1
FNH:1
FNDA:30,(anonymous_0)
DA:4,30
DA:5,30
DA:6,30
DA:9,8
LF:4
LH:4
BRF:0
BRH:0
end_of_record
TN:
SF:utils\validateDateMiddleware.js
FN:1,(anonymous_0)
FNF:1
FNH:1
FNDA:6,(anonymous_0)
DA:1,2
DA:2,6
DA:3,6
DA:5,6
DA:6,1
DA:8,5
DA:9,1
DA:12,4
DA:13,4
DA:14,4
DA:15,4
DA:16,4
DA:17,4
DA:19,4
DA:20,1
DA:23,3
DA:24,1
DA:27,2
DA:28,1
DA:31,1
DA:34,2
LF:21
LH:21
BRDA:5,0,0,1
BRDA:5,0,1,5
BRDA:8,1,0,1
BRDA:8,1,1,4
BRDA:19,2,0,1
BRDA:19,2,1,3
BRDA:23,3,0,1
BRDA:23,3,1,2
BRDA:27,4,0,1
BRDA:27,4,1,1
BRF:10
BRH:10
end_of_record
